!SESSION 2019-01-18 19:08:18.111 -----------------------------------------------
eclipse.buildId=4.5.2.M20160212-1500
java.version=1.8.0_74
java.vendor=Oracle Corporation
BootLoader constants: OS=win32, ARCH=x86_64, WS=win32, NL=ja_JP
Framework arguments:  -product org.eclipse.epp.package.jee.product
Command-line arguments:  -os win32 -ws win32 -arch x86_64 -product org.eclipse.epp.package.jee.product

This is a continuation of log file C:\Users\testuser\Desktop\workspace\workspace-hiraide\test\.metadata\.bak_0.log
Created Time: 2019-01-18 19:09:20.264

!ENTRY org.eclipse.jdt.core 4 4 2019-01-18 19:09:20.265
!MESSAGE JavaBuilder handling CoreException
!STACK 1
org.eclipse.core.runtime.CoreException: ファイルが見つかりません: C:\Users\testuser\Desktop\workspace\workspace-hiraide\test\Person\bin\Person.class.
	at org.eclipse.core.internal.filesystem.Policy.error(Policy.java:49)
	at org.eclipse.core.internal.filesystem.local.LocalFile.openInputStream(LocalFile.java:391)
	at org.eclipse.core.internal.localstore.FileSystemResourceManager.read(FileSystemResourceManager.java:834)
	at org.eclipse.core.internal.resources.File.getContents(File.java:269)
	at org.eclipse.jdt.internal.core.util.Util.getResourceContentsAsByteArray(Util.java:1135)
	at org.eclipse.jdt.internal.core.builder.IncrementalImageBuilder.writeClassFileCheck(IncrementalImageBuilder.java:889)
	at org.eclipse.jdt.internal.core.builder.IncrementalImageBuilder.writeClassFileContents(IncrementalImageBuilder.java:831)
	at org.eclipse.jdt.internal.core.builder.AbstractImageBuilder.writeClassFile(AbstractImageBuilder.java:859)
	at org.eclipse.jdt.internal.core.builder.AbstractImageBuilder.acceptResult(AbstractImageBuilder.java:190)
	at org.eclipse.jdt.internal.compiler.Compiler.processCompiledUnits(Compiler.java:589)
	at org.eclipse.jdt.internal.compiler.Compiler.compile(Compiler.java:458)
	at org.eclipse.jdt.internal.core.builder.AbstractImageBuilder.compile(AbstractImageBuilder.java:367)
	at org.eclipse.jdt.internal.core.builder.IncrementalImageBuilder.compile(IncrementalImageBuilder.java:330)
	at org.eclipse.jdt.internal.core.builder.AbstractImageBuilder.compile(AbstractImageBuilder.java:304)
	at org.eclipse.jdt.internal.core.builder.IncrementalImageBuilder.build(IncrementalImageBuilder.java:135)
	at org.eclipse.jdt.internal.core.builder.JavaBuilder.buildDeltas(JavaBuilder.java:267)
	at org.eclipse.jdt.internal.core.builder.JavaBuilder.build(JavaBuilder.java:195)
	at org.eclipse.core.internal.events.BuildManager$2.run(BuildManager.java:734)
	at org.eclipse.core.runtime.SafeRunner.run(SafeRunner.java:42)
	at org.eclipse.core.internal.events.BuildManager.basicBuild(BuildManager.java:205)
	at org.eclipse.core.internal.events.BuildManager.basicBuild(BuildManager.java:245)
	at org.eclipse.core.internal.events.BuildManager$1.run(BuildManager.java:300)
	at org.eclipse.core.runtime.SafeRunner.run(SafeRunner.java:42)
	at org.eclipse.core.internal.events.BuildManager.basicBuild(BuildManager.java:303)
	at org.eclipse.core.internal.events.BuildManager.basicBuildLoop(BuildManager.java:359)
	at org.eclipse.core.internal.events.BuildManager.build(BuildManager.java:382)
	at org.eclipse.core.internal.events.AutoBuildJob.doBuild(AutoBuildJob.java:144)
	at org.eclipse.core.internal.events.AutoBuildJob.run(AutoBuildJob.java:235)
	at org.eclipse.core.internal.jobs.Worker.run(Worker.java:55)
Caused by: java.io.FileNotFoundException: C:\Users\testuser\Desktop\workspace\workspace-hiraide\test\Person\bin\Person.class (指定されたパスが見つかりません。)
	at java.io.FileInputStream.open0(Native Method)
	at java.io.FileInputStream.open(FileInputStream.java:195)
	at java.io.FileInputStream.<init>(FileInputStream.java:138)
	at org.eclipse.core.internal.filesystem.local.LocalFile.openInputStream(LocalFile.java:382)
	... 27 more
!SUBENTRY 1 org.eclipse.core.filesystem 4 271 2019-01-18 19:09:20.266
!MESSAGE ファイルが見つかりません: C:\Users\testuser\Desktop\workspace\workspace-hiraide\test\Person\bin\Person.class.
!STACK 0
java.io.FileNotFoundException: C:\Users\testuser\Desktop\workspace\workspace-hiraide\test\Person\bin\Person.class (指定されたパスが見つかりません。)
	at java.io.FileInputStream.open0(Native Method)
	at java.io.FileInputStream.open(FileInputStream.java:195)
	at java.io.FileInputStream.<init>(FileInputStream.java:138)
	at org.eclipse.core.internal.filesystem.local.LocalFile.openInputStream(LocalFile.java:382)
	at org.eclipse.core.internal.localstore.FileSystemResourceManager.read(FileSystemResourceManager.java:834)
	at org.eclipse.core.internal.resources.File.getContents(File.java:269)
	at org.eclipse.jdt.internal.core.util.Util.getResourceContentsAsByteArray(Util.java:1135)
	at org.eclipse.jdt.internal.core.builder.IncrementalImageBuilder.writeClassFileCheck(IncrementalImageBuilder.java:889)
	at org.eclipse.jdt.internal.core.builder.IncrementalImageBuilder.writeClassFileContents(IncrementalImageBuilder.java:831)
	at org.eclipse.jdt.internal.core.builder.AbstractImageBuilder.writeClassFile(AbstractImageBuilder.java:859)
	at org.eclipse.jdt.internal.core.builder.AbstractImageBuilder.acceptResult(AbstractImageBuilder.java:190)
	at org.eclipse.jdt.internal.compiler.Compiler.processCompiledUnits(Compiler.java:589)
	at org.eclipse.jdt.internal.compiler.Compiler.compile(Compiler.java:458)
	at org.eclipse.jdt.internal.core.builder.AbstractImageBuilder.compile(AbstractImageBuilder.java:367)
	at org.eclipse.jdt.internal.core.builder.IncrementalImageBuilder.compile(IncrementalImageBuilder.java:330)
	at org.eclipse.jdt.internal.core.builder.AbstractImageBuilder.compile(AbstractImageBuilder.java:304)
	at org.eclipse.jdt.internal.core.builder.IncrementalImageBuilder.build(IncrementalImageBuilder.java:135)
	at org.eclipse.jdt.internal.core.builder.JavaBuilder.buildDeltas(JavaBuilder.java:267)
	at org.eclipse.jdt.internal.core.builder.JavaBuilder.build(JavaBuilder.java:195)
	at org.eclipse.core.internal.events.BuildManager$2.run(BuildManager.java:734)
	at org.eclipse.core.runtime.SafeRunner.run(SafeRunner.java:42)
	at org.eclipse.core.internal.events.BuildManager.basicBuild(BuildManager.java:205)
	at org.eclipse.core.internal.events.BuildManager.basicBuild(BuildManager.java:245)
	at org.eclipse.core.internal.events.BuildManager$1.run(BuildManager.java:300)
	at org.eclipse.core.runtime.SafeRunner.run(SafeRunner.java:42)
	at org.eclipse.core.internal.events.BuildManager.basicBuild(BuildManager.java:303)
	at org.eclipse.core.internal.events.BuildManager.basicBuildLoop(BuildManager.java:359)
	at org.eclipse.core.internal.events.BuildManager.build(BuildManager.java:382)
	at org.eclipse.core.internal.events.AutoBuildJob.doBuild(AutoBuildJob.java:144)
	at org.eclipse.core.internal.events.AutoBuildJob.run(AutoBuildJob.java:235)
	at org.eclipse.core.internal.jobs.Worker.run(Worker.java:55)

!ENTRY org.eclipse.jdt.core 4 4 2019-01-18 19:09:20.269
!MESSAGE JavaBuilder handling CoreException
!STACK 1
org.eclipse.core.runtime.CoreException: ファイルが見つかりません: C:\Users\testuser\Desktop\workspace\workspace-hiraide\test\Person\bin\Robot.class.
	at org.eclipse.core.internal.filesystem.Policy.error(Policy.java:49)
	at org.eclipse.core.internal.filesystem.local.LocalFile.openInputStream(LocalFile.java:391)
	at org.eclipse.core.internal.localstore.FileSystemResourceManager.read(FileSystemResourceManager.java:834)
	at org.eclipse.core.internal.resources.File.getContents(File.java:269)
	at org.eclipse.jdt.internal.core.util.Util.getResourceContentsAsByteArray(Util.java:1135)
	at org.eclipse.jdt.internal.core.builder.IncrementalImageBuilder.writeClassFileCheck(IncrementalImageBuilder.java:889)
	at org.eclipse.jdt.internal.core.builder.IncrementalImageBuilder.writeClassFileContents(IncrementalImageBuilder.java:831)
	at org.eclipse.jdt.internal.core.builder.AbstractImageBuilder.writeClassFile(AbstractImageBuilder.java:859)
	at org.eclipse.jdt.internal.core.builder.AbstractImageBuilder.acceptResult(AbstractImageBuilder.java:190)
	at org.eclipse.jdt.internal.compiler.Compiler.processCompiledUnits(Compiler.java:589)
	at org.eclipse.jdt.internal.compiler.Compiler.compile(Compiler.java:458)
	at org.eclipse.jdt.internal.core.builder.AbstractImageBuilder.compile(AbstractImageBuilder.java:367)
	at org.eclipse.jdt.internal.core.builder.IncrementalImageBuilder.compile(IncrementalImageBuilder.java:330)
	at org.eclipse.jdt.internal.core.builder.AbstractImageBuilder.compile(AbstractImageBuilder.java:304)
	at org.eclipse.jdt.internal.core.builder.IncrementalImageBuilder.build(IncrementalImageBuilder.java:135)
	at org.eclipse.jdt.internal.core.builder.JavaBuilder.buildDeltas(JavaBuilder.java:267)
	at org.eclipse.jdt.internal.core.builder.JavaBuilder.build(JavaBuilder.java:195)
	at org.eclipse.core.internal.events.BuildManager$2.run(BuildManager.java:734)
	at org.eclipse.core.runtime.SafeRunner.run(SafeRunner.java:42)
	at org.eclipse.core.internal.events.BuildManager.basicBuild(BuildManager.java:205)
	at org.eclipse.core.internal.events.BuildManager.basicBuild(BuildManager.java:245)
	at org.eclipse.core.internal.events.BuildManager$1.run(BuildManager.java:300)
	at org.eclipse.core.runtime.SafeRunner.run(SafeRunner.java:42)
	at org.eclipse.core.internal.events.BuildManager.basicBuild(BuildManager.java:303)
	at org.eclipse.core.internal.events.BuildManager.basicBuildLoop(BuildManager.java:359)
	at org.eclipse.core.internal.events.BuildManager.build(BuildManager.java:382)
	at org.eclipse.core.internal.events.AutoBuildJob.doBuild(AutoBuildJob.java:144)
	at org.eclipse.core.internal.events.AutoBuildJob.run(AutoBuildJob.java:235)
	at org.eclipse.core.internal.jobs.Worker.run(Worker.java:55)
Caused by: java.io.FileNotFoundException: C:\Users\testuser\Desktop\workspace\workspace-hiraide\test\Person\bin\Robot.class (指定されたパスが見つかりません。)
	at java.io.FileInputStream.open0(Native Method)
	at java.io.FileInputStream.open(FileInputStream.java:195)
	at java.io.FileInputStream.<init>(FileInputStream.java:138)
	at org.eclipse.core.internal.filesystem.local.LocalFile.openInputStream(LocalFile.java:382)
	... 27 more
!SUBENTRY 1 org.eclipse.core.filesystem 4 271 2019-01-18 19:09:20.278
!MESSAGE ファイルが見つかりません: C:\Users\testuser\Desktop\workspace\workspace-hiraide\test\Person\bin\Robot.class.
!STACK 0
java.io.FileNotFoundException: C:\Users\testuser\Desktop\workspace\workspace-hiraide\test\Person\bin\Robot.class (指定されたパスが見つかりません。)
	at java.io.FileInputStream.open0(Native Method)
	at java.io.FileInputStream.open(FileInputStream.java:195)
	at java.io.FileInputStream.<init>(FileInputStream.java:138)
	at org.eclipse.core.internal.filesystem.local.LocalFile.openInputStream(LocalFile.java:382)
	at org.eclipse.core.internal.localstore.FileSystemResourceManager.read(FileSystemResourceManager.java:834)
	at org.eclipse.core.internal.resources.File.getContents(File.java:269)
	at org.eclipse.jdt.internal.core.util.Util.getResourceContentsAsByteArray(Util.java:1135)
	at org.eclipse.jdt.internal.core.builder.IncrementalImageBuilder.writeClassFileCheck(IncrementalImageBuilder.java:889)
	at org.eclipse.jdt.internal.core.builder.IncrementalImageBuilder.writeClassFileContents(IncrementalImageBuilder.java:831)
	at org.eclipse.jdt.internal.core.builder.AbstractImageBuilder.writeClassFile(AbstractImageBuilder.java:859)
	at org.eclipse.jdt.internal.core.builder.AbstractImageBuilder.acceptResult(AbstractImageBuilder.java:190)
	at org.eclipse.jdt.internal.compiler.Compiler.processCompiledUnits(Compiler.java:589)
	at org.eclipse.jdt.internal.compiler.Compiler.compile(Compiler.java:458)
	at org.eclipse.jdt.internal.core.builder.AbstractImageBuilder.compile(AbstractImageBuilder.java:367)
	at org.eclipse.jdt.internal.core.builder.IncrementalImageBuilder.compile(IncrementalImageBuilder.java:330)
	at org.eclipse.jdt.internal.core.builder.AbstractImageBuilder.compile(AbstractImageBuilder.java:304)
	at org.eclipse.jdt.internal.core.builder.IncrementalImageBuilder.build(IncrementalImageBuilder.java:135)
	at org.eclipse.jdt.internal.core.builder.JavaBuilder.buildDeltas(JavaBuilder.java:267)
	at org.eclipse.jdt.internal.core.builder.JavaBuilder.build(JavaBuilder.java:195)
	at org.eclipse.core.internal.events.BuildManager$2.run(BuildManager.java:734)
	at org.eclipse.core.runtime.SafeRunner.run(SafeRunner.java:42)
	at org.eclipse.core.internal.events.BuildManager.basicBuild(BuildManager.java:205)
	at org.eclipse.core.internal.events.BuildManager.basicBuild(BuildManager.java:245)
	at org.eclipse.core.internal.events.BuildManager$1.run(BuildManager.java:300)
	at org.eclipse.core.runtime.SafeRunner.run(SafeRunner.java:42)
	at org.eclipse.core.internal.events.BuildManager.basicBuild(BuildManager.java:303)
	at org.eclipse.core.internal.events.BuildManager.basicBuildLoop(BuildManager.java:359)
	at org.eclipse.core.internal.events.BuildManager.build(BuildManager.java:382)
	at org.eclipse.core.internal.events.AutoBuildJob.doBuild(AutoBuildJob.java:144)
	at org.eclipse.core.internal.events.AutoBuildJob.run(AutoBuildJob.java:235)
	at org.eclipse.core.internal.jobs.Worker.run(Worker.java:55)

!ENTRY org.eclipse.jdt.core 4 4 2019-01-18 19:09:20.288
!MESSAGE JavaBuilder handling CoreException
!STACK 1
org.eclipse.core.runtime.CoreException: ファイルが見つかりません: C:\Users\testuser\Desktop\workspace\workspace-hiraide\test\Person\bin\Test.class.
	at org.eclipse.core.internal.filesystem.Policy.error(Policy.java:49)
	at org.eclipse.core.internal.filesystem.local.LocalFile.openInputStream(LocalFile.java:391)
	at org.eclipse.core.internal.localstore.FileSystemResourceManager.read(FileSystemResourceManager.java:834)
	at org.eclipse.core.internal.resources.File.getContents(File.java:269)
	at org.eclipse.jdt.internal.core.util.Util.getResourceContentsAsByteArray(Util.java:1135)
	at org.eclipse.jdt.internal.core.builder.IncrementalImageBuilder.writeClassFileCheck(IncrementalImageBuilder.java:889)
	at org.eclipse.jdt.internal.core.builder.IncrementalImageBuilder.writeClassFileContents(IncrementalImageBuilder.java:831)
	at org.eclipse.jdt.internal.core.builder.AbstractImageBuilder.writeClassFile(AbstractImageBuilder.java:859)
	at org.eclipse.jdt.internal.core.builder.AbstractImageBuilder.acceptResult(AbstractImageBuilder.java:190)
	at org.eclipse.jdt.internal.compiler.Compiler.processCompiledUnits(Compiler.java:589)
	at org.eclipse.jdt.internal.compiler.Compiler.compile(Compiler.java:458)
	at org.eclipse.jdt.internal.core.builder.AbstractImageBuilder.compile(AbstractImageBuilder.java:367)
	at org.eclipse.jdt.internal.core.builder.IncrementalImageBuilder.compile(IncrementalImageBuilder.java:330)
	at org.eclipse.jdt.internal.core.builder.AbstractImageBuilder.compile(AbstractImageBuilder.java:304)
	at org.eclipse.jdt.internal.core.builder.IncrementalImageBuilder.build(IncrementalImageBuilder.java:135)
	at org.eclipse.jdt.internal.core.builder.JavaBuilder.buildDeltas(JavaBuilder.java:267)
	at org.eclipse.jdt.internal.core.builder.JavaBuilder.build(JavaBuilder.java:195)
	at org.eclipse.core.internal.events.BuildManager$2.run(BuildManager.java:734)
	at org.eclipse.core.runtime.SafeRunner.run(SafeRunner.java:42)
	at org.eclipse.core.internal.events.BuildManager.basicBuild(BuildManager.java:205)
	at org.eclipse.core.internal.events.BuildManager.basicBuild(BuildManager.java:245)
	at org.eclipse.core.internal.events.BuildManager$1.run(BuildManager.java:300)
	at org.eclipse.core.runtime.SafeRunner.run(SafeRunner.java:42)
	at org.eclipse.core.internal.events.BuildManager.basicBuild(BuildManager.java:303)
	at org.eclipse.core.internal.events.BuildManager.basicBuildLoop(BuildManager.java:359)
	at org.eclipse.core.internal.events.BuildManager.build(BuildManager.java:382)
	at org.eclipse.core.internal.events.AutoBuildJob.doBuild(AutoBuildJob.java:144)
	at org.eclipse.core.internal.events.AutoBuildJob.run(AutoBuildJob.java:235)
	at org.eclipse.core.internal.jobs.Worker.run(Worker.java:55)
Caused by: java.io.FileNotFoundException: C:\Users\testuser\Desktop\workspace\workspace-hiraide\test\Person\bin\Test.class (指定されたパスが見つかりません。)
	at java.io.FileInputStream.open0(Native Method)
	at java.io.FileInputStream.open(FileInputStream.java:195)
	at java.io.FileInputStream.<init>(FileInputStream.java:138)
	at org.eclipse.core.internal.filesystem.local.LocalFile.openInputStream(LocalFile.java:382)
	... 27 more
!SUBENTRY 1 org.eclipse.core.filesystem 4 271 2019-01-18 19:09:20.290
!MESSAGE ファイルが見つかりません: C:\Users\testuser\Desktop\workspace\workspace-hiraide\test\Person\bin\Test.class.
!STACK 0
java.io.FileNotFoundException: C:\Users\testuser\Desktop\workspace\workspace-hiraide\test\Person\bin\Test.class (指定されたパスが見つかりません。)
	at java.io.FileInputStream.open0(Native Method)
	at java.io.FileInputStream.open(FileInputStream.java:195)
	at java.io.FileInputStream.<init>(FileInputStream.java:138)
	at org.eclipse.core.internal.filesystem.local.LocalFile.openInputStream(LocalFile.java:382)
	at org.eclipse.core.internal.localstore.FileSystemResourceManager.read(FileSystemResourceManager.java:834)
	at org.eclipse.core.internal.resources.File.getContents(File.java:269)
	at org.eclipse.jdt.internal.core.util.Util.getResourceContentsAsByteArray(Util.java:1135)
	at org.eclipse.jdt.internal.core.builder.IncrementalImageBuilder.writeClassFileCheck(IncrementalImageBuilder.java:889)
	at org.eclipse.jdt.internal.core.builder.IncrementalImageBuilder.writeClassFileContents(IncrementalImageBuilder.java:831)
	at org.eclipse.jdt.internal.core.builder.AbstractImageBuilder.writeClassFile(AbstractImageBuilder.java:859)
	at org.eclipse.jdt.internal.core.builder.AbstractImageBuilder.acceptResult(AbstractImageBuilder.java:190)
	at org.eclipse.jdt.internal.compiler.Compiler.processCompiledUnits(Compiler.java:589)
	at org.eclipse.jdt.internal.compiler.Compiler.compile(Compiler.java:458)
	at org.eclipse.jdt.internal.core.builder.AbstractImageBuilder.compile(AbstractImageBuilder.java:367)
	at org.eclipse.jdt.internal.core.builder.IncrementalImageBuilder.compile(IncrementalImageBuilder.java:330)
	at org.eclipse.jdt.internal.core.builder.AbstractImageBuilder.compile(AbstractImageBuilder.java:304)
	at org.eclipse.jdt.internal.core.builder.IncrementalImageBuilder.build(IncrementalImageBuilder.java:135)
	at org.eclipse.jdt.internal.core.builder.JavaBuilder.buildDeltas(JavaBuilder.java:267)
	at org.eclipse.jdt.internal.core.builder.JavaBuilder.build(JavaBuilder.java:195)
	at org.eclipse.core.internal.events.BuildManager$2.run(BuildManager.java:734)
	at org.eclipse.core.runtime.SafeRunner.run(SafeRunner.java:42)
	at org.eclipse.core.internal.events.BuildManager.basicBuild(BuildManager.java:205)
	at org.eclipse.core.internal.events.BuildManager.basicBuild(BuildManager.java:245)
	at org.eclipse.core.internal.events.BuildManager$1.run(BuildManager.java:300)
	at org.eclipse.core.runtime.SafeRunner.run(SafeRunner.java:42)
	at org.eclipse.core.internal.events.BuildManager.basicBuild(BuildManager.java:303)
	at org.eclipse.core.internal.events.BuildManager.basicBuildLoop(BuildManager.java:359)
	at org.eclipse.core.internal.events.BuildManager.build(BuildManager.java:382)
	at org.eclipse.core.internal.events.AutoBuildJob.doBuild(AutoBuildJob.java:144)
	at org.eclipse.core.internal.events.AutoBuildJob.run(AutoBuildJob.java:235)
	at org.eclipse.core.internal.jobs.Worker.run(Worker.java:55)

!ENTRY org.eclipse.jdt.core 4 4 2019-01-18 19:09:20.535
!MESSAGE JavaBuilder handling CoreException
!STACK 1
org.eclipse.core.runtime.CoreException: ファイルが見つかりません: C:\Users\testuser\Desktop\workspace\workspace-hiraide\test\Person2\bin\Person.class.
	at org.eclipse.core.internal.filesystem.Policy.error(Policy.java:49)
	at org.eclipse.core.internal.filesystem.local.LocalFile.openInputStream(LocalFile.java:391)
	at org.eclipse.core.internal.localstore.FileSystemResourceManager.read(FileSystemResourceManager.java:834)
	at org.eclipse.core.internal.resources.File.getContents(File.java:269)
	at org.eclipse.jdt.internal.core.util.Util.getResourceContentsAsByteArray(Util.java:1135)
	at org.eclipse.jdt.internal.core.builder.IncrementalImageBuilder.writeClassFileCheck(IncrementalImageBuilder.java:889)
	at org.eclipse.jdt.internal.core.builder.IncrementalImageBuilder.writeClassFileContents(IncrementalImageBuilder.java:831)
	at org.eclipse.jdt.internal.core.builder.AbstractImageBuilder.writeClassFile(AbstractImageBuilder.java:859)
	at org.eclipse.jdt.internal.core.builder.AbstractImageBuilder.acceptResult(AbstractImageBuilder.java:190)
	at org.eclipse.jdt.internal.compiler.Compiler.processCompiledUnits(Compiler.java:589)
	at org.eclipse.jdt.internal.compiler.Compiler.compile(Compiler.java:458)
	at org.eclipse.jdt.internal.core.builder.AbstractImageBuilder.compile(AbstractImageBuilder.java:367)
	at org.eclipse.jdt.internal.core.builder.IncrementalImageBuilder.compile(IncrementalImageBuilder.java:330)
	at org.eclipse.jdt.internal.core.builder.AbstractImageBuilder.compile(AbstractImageBuilder.java:304)
	at org.eclipse.jdt.internal.core.builder.IncrementalImageBuilder.build(IncrementalImageBuilder.java:135)
	at org.eclipse.jdt.internal.core.builder.JavaBuilder.buildDeltas(JavaBuilder.java:267)
	at org.eclipse.jdt.internal.core.builder.JavaBuilder.build(JavaBuilder.java:195)
	at org.eclipse.core.internal.events.BuildManager$2.run(BuildManager.java:734)
	at org.eclipse.core.runtime.SafeRunner.run(SafeRunner.java:42)
	at org.eclipse.core.internal.events.BuildManager.basicBuild(BuildManager.java:205)
	at org.eclipse.core.internal.events.BuildManager.basicBuild(BuildManager.java:245)
	at org.eclipse.core.internal.events.BuildManager$1.run(BuildManager.java:300)
	at org.eclipse.core.runtime.SafeRunner.run(SafeRunner.java:42)
	at org.eclipse.core.internal.events.BuildManager.basicBuild(BuildManager.java:303)
	at org.eclipse.core.internal.events.BuildManager.basicBuildLoop(BuildManager.java:359)
	at org.eclipse.core.internal.events.BuildManager.build(BuildManager.java:382)
	at org.eclipse.core.internal.events.AutoBuildJob.doBuild(AutoBuildJob.java:144)
	at org.eclipse.core.internal.events.AutoBuildJob.run(AutoBuildJob.java:235)
	at org.eclipse.core.internal.jobs.Worker.run(Worker.java:55)
Caused by: java.io.FileNotFoundException: C:\Users\testuser\Desktop\workspace\workspace-hiraide\test\Person2\bin\Person.class (指定されたパスが見つかりません。)
	at java.io.FileInputStream.open0(Native Method)
	at java.io.FileInputStream.open(FileInputStream.java:195)
	at java.io.FileInputStream.<init>(FileInputStream.java:138)
	at org.eclipse.core.internal.filesystem.local.LocalFile.openInputStream(LocalFile.java:382)
	... 27 more
!SUBENTRY 1 org.eclipse.core.filesystem 4 271 2019-01-18 19:09:20.536
!MESSAGE ファイルが見つかりません: C:\Users\testuser\Desktop\workspace\workspace-hiraide\test\Person2\bin\Person.class.
!STACK 0
java.io.FileNotFoundException: C:\Users\testuser\Desktop\workspace\workspace-hiraide\test\Person2\bin\Person.class (指定されたパスが見つかりません。)
	at java.io.FileInputStream.open0(Native Method)
	at java.io.FileInputStream.open(FileInputStream.java:195)
	at java.io.FileInputStream.<init>(FileInputStream.java:138)
	at org.eclipse.core.internal.filesystem.local.LocalFile.openInputStream(LocalFile.java:382)
	at org.eclipse.core.internal.localstore.FileSystemResourceManager.read(FileSystemResourceManager.java:834)
	at org.eclipse.core.internal.resources.File.getContents(File.java:269)
	at org.eclipse.jdt.internal.core.util.Util.getResourceContentsAsByteArray(Util.java:1135)
	at org.eclipse.jdt.internal.core.builder.IncrementalImageBuilder.writeClassFileCheck(IncrementalImageBuilder.java:889)
	at org.eclipse.jdt.internal.core.builder.IncrementalImageBuilder.writeClassFileContents(IncrementalImageBuilder.java:831)
	at org.eclipse.jdt.internal.core.builder.AbstractImageBuilder.writeClassFile(AbstractImageBuilder.java:859)
	at org.eclipse.jdt.internal.core.builder.AbstractImageBuilder.acceptResult(AbstractImageBuilder.java:190)
	at org.eclipse.jdt.internal.compiler.Compiler.processCompiledUnits(Compiler.java:589)
	at org.eclipse.jdt.internal.compiler.Compiler.compile(Compiler.java:458)
	at org.eclipse.jdt.internal.core.builder.AbstractImageBuilder.compile(AbstractImageBuilder.java:367)
	at org.eclipse.jdt.internal.core.builder.IncrementalImageBuilder.compile(IncrementalImageBuilder.java:330)
	at org.eclipse.jdt.internal.core.builder.AbstractImageBuilder.compile(AbstractImageBuilder.java:304)
	at org.eclipse.jdt.internal.core.builder.IncrementalImageBuilder.build(IncrementalImageBuilder.java:135)
	at org.eclipse.jdt.internal.core.builder.JavaBuilder.buildDeltas(JavaBuilder.java:267)
	at org.eclipse.jdt.internal.core.builder.JavaBuilder.build(JavaBuilder.java:195)
	at org.eclipse.core.internal.events.BuildManager$2.run(BuildManager.java:734)
	at org.eclipse.core.runtime.SafeRunner.run(SafeRunner.java:42)
	at org.eclipse.core.internal.events.BuildManager.basicBuild(BuildManager.java:205)
	at org.eclipse.core.internal.events.BuildManager.basicBuild(BuildManager.java:245)
	at org.eclipse.core.internal.events.BuildManager$1.run(BuildManager.java:300)
	at org.eclipse.core.runtime.SafeRunner.run(SafeRunner.java:42)
	at org.eclipse.core.internal.events.BuildManager.basicBuild(BuildManager.java:303)
	at org.eclipse.core.internal.events.BuildManager.basicBuildLoop(BuildManager.java:359)
	at org.eclipse.core.internal.events.BuildManager.build(BuildManager.java:382)
	at org.eclipse.core.internal.events.AutoBuildJob.doBuild(AutoBuildJob.java:144)
	at org.eclipse.core.internal.events.AutoBuildJob.run(AutoBuildJob.java:235)
	at org.eclipse.core.internal.jobs.Worker.run(Worker.java:55)

!ENTRY org.eclipse.jdt.core 4 4 2019-01-18 19:09:20.543
!MESSAGE JavaBuilder handling CoreException
!STACK 1
org.eclipse.core.runtime.CoreException: ファイルが見つかりません: C:\Users\testuser\Desktop\workspace\workspace-hiraide\test\Person2\bin\Test.class.
	at org.eclipse.core.internal.filesystem.Policy.error(Policy.java:49)
	at org.eclipse.core.internal.filesystem.local.LocalFile.openInputStream(LocalFile.java:391)
	at org.eclipse.core.internal.localstore.FileSystemResourceManager.read(FileSystemResourceManager.java:834)
	at org.eclipse.core.internal.resources.File.getContents(File.java:269)
	at org.eclipse.jdt.internal.core.util.Util.getResourceContentsAsByteArray(Util.java:1135)
	at org.eclipse.jdt.internal.core.builder.IncrementalImageBuilder.writeClassFileCheck(IncrementalImageBuilder.java:889)
	at org.eclipse.jdt.internal.core.builder.IncrementalImageBuilder.writeClassFileContents(IncrementalImageBuilder.java:831)
	at org.eclipse.jdt.internal.core.builder.AbstractImageBuilder.writeClassFile(AbstractImageBuilder.java:859)
	at org.eclipse.jdt.internal.core.builder.AbstractImageBuilder.acceptResult(AbstractImageBuilder.java:190)
	at org.eclipse.jdt.internal.compiler.Compiler.processCompiledUnits(Compiler.java:589)
	at org.eclipse.jdt.internal.compiler.Compiler.compile(Compiler.java:458)
	at org.eclipse.jdt.internal.core.builder.AbstractImageBuilder.compile(AbstractImageBuilder.java:367)
	at org.eclipse.jdt.internal.core.builder.IncrementalImageBuilder.compile(IncrementalImageBuilder.java:330)
	at org.eclipse.jdt.internal.core.builder.AbstractImageBuilder.compile(AbstractImageBuilder.java:304)
	at org.eclipse.jdt.internal.core.builder.IncrementalImageBuilder.build(IncrementalImageBuilder.java:135)
	at org.eclipse.jdt.internal.core.builder.JavaBuilder.buildDeltas(JavaBuilder.java:267)
	at org.eclipse.jdt.internal.core.builder.JavaBuilder.build(JavaBuilder.java:195)
	at org.eclipse.core.internal.events.BuildManager$2.run(BuildManager.java:734)
	at org.eclipse.core.runtime.SafeRunner.run(SafeRunner.java:42)
	at org.eclipse.core.internal.events.BuildManager.basicBuild(BuildManager.java:205)
	at org.eclipse.core.internal.events.BuildManager.basicBuild(BuildManager.java:245)
	at org.eclipse.core.internal.events.BuildManager$1.run(BuildManager.java:300)
	at org.eclipse.core.runtime.SafeRunner.run(SafeRunner.java:42)
	at org.eclipse.core.internal.events.BuildManager.basicBuild(BuildManager.java:303)
	at org.eclipse.core.internal.events.BuildManager.basicBuildLoop(BuildManager.java:359)
	at org.eclipse.core.internal.events.BuildManager.build(BuildManager.java:382)
	at org.eclipse.core.internal.events.AutoBuildJob.doBuild(AutoBuildJob.java:144)
	at org.eclipse.core.internal.events.AutoBuildJob.run(AutoBuildJob.java:235)
	at org.eclipse.core.internal.jobs.Worker.run(Worker.java:55)
Caused by: java.io.FileNotFoundException: C:\Users\testuser\Desktop\workspace\workspace-hiraide\test\Person2\bin\Test.class (指定されたパスが見つかりません。)
	at java.io.FileInputStream.open0(Native Method)
	at java.io.FileInputStream.open(FileInputStream.java:195)
	at java.io.FileInputStream.<init>(FileInputStream.java:138)
	at org.eclipse.core.internal.filesystem.local.LocalFile.openInputStream(LocalFile.java:382)
	... 27 more
!SUBENTRY 1 org.eclipse.core.filesystem 4 271 2019-01-18 19:09:20.544
!MESSAGE ファイルが見つかりません: C:\Users\testuser\Desktop\workspace\workspace-hiraide\test\Person2\bin\Test.class.
!STACK 0
java.io.FileNotFoundException: C:\Users\testuser\Desktop\workspace\workspace-hiraide\test\Person2\bin\Test.class (指定されたパスが見つかりません。)
	at java.io.FileInputStream.open0(Native Method)
	at java.io.FileInputStream.open(FileInputStream.java:195)
	at java.io.FileInputStream.<init>(FileInputStream.java:138)
	at org.eclipse.core.internal.filesystem.local.LocalFile.openInputStream(LocalFile.java:382)
	at org.eclipse.core.internal.localstore.FileSystemResourceManager.read(FileSystemResourceManager.java:834)
	at org.eclipse.core.internal.resources.File.getContents(File.java:269)
	at org.eclipse.jdt.internal.core.util.Util.getResourceContentsAsByteArray(Util.java:1135)
	at org.eclipse.jdt.internal.core.builder.IncrementalImageBuilder.writeClassFileCheck(IncrementalImageBuilder.java:889)
	at org.eclipse.jdt.internal.core.builder.IncrementalImageBuilder.writeClassFileContents(IncrementalImageBuilder.java:831)
	at org.eclipse.jdt.internal.core.builder.AbstractImageBuilder.writeClassFile(AbstractImageBuilder.java:859)
	at org.eclipse.jdt.internal.core.builder.AbstractImageBuilder.acceptResult(AbstractImageBuilder.java:190)
	at org.eclipse.jdt.internal.compiler.Compiler.processCompiledUnits(Compiler.java:589)
	at org.eclipse.jdt.internal.compiler.Compiler.compile(Compiler.java:458)
	at org.eclipse.jdt.internal.core.builder.AbstractImageBuilder.compile(AbstractImageBuilder.java:367)
	at org.eclipse.jdt.internal.core.builder.IncrementalImageBuilder.compile(IncrementalImageBuilder.java:330)
	at org.eclipse.jdt.internal.core.builder.AbstractImageBuilder.compile(AbstractImageBuilder.java:304)
	at org.eclipse.jdt.internal.core.builder.IncrementalImageBuilder.build(IncrementalImageBuilder.java:135)
	at org.eclipse.jdt.internal.core.builder.JavaBuilder.buildDeltas(JavaBuilder.java:267)
	at org.eclipse.jdt.internal.core.builder.JavaBuilder.build(JavaBuilder.java:195)
	at org.eclipse.core.internal.events.BuildManager$2.run(BuildManager.java:734)
	at org.eclipse.core.runtime.SafeRunner.run(SafeRunner.java:42)
	at org.eclipse.core.internal.events.BuildManager.basicBuild(BuildManager.java:205)
	at org.eclipse.core.internal.events.BuildManager.basicBuild(BuildManager.java:245)
	at org.eclipse.core.internal.events.BuildManager$1.run(BuildManager.java:300)
	at org.eclipse.core.runtime.SafeRunner.run(SafeRunner.java:42)
	at org.eclipse.core.internal.events.BuildManager.basicBuild(BuildManager.java:303)
	at org.eclipse.core.internal.events.BuildManager.basicBuildLoop(BuildManager.java:359)
	at org.eclipse.core.internal.events.BuildManager.build(BuildManager.java:382)
	at org.eclipse.core.internal.events.AutoBuildJob.doBuild(AutoBuildJob.java:144)
	at org.eclipse.core.internal.events.AutoBuildJob.run(AutoBuildJob.java:235)
	at org.eclipse.core.internal.jobs.Worker.run(Worker.java:55)

!ENTRY org.eclipse.core.resources 4 568 2019-01-18 19:13:36.731
!MESSAGE '/RemoteSystemsTempFiles' のメタデータを書き込みできませんでした。
!STACK 0
java.io.FileNotFoundException: C:\Users\testuser\Desktop\workspace\workspace-hiraide\test\.metadata\.plugins\org.eclipse.core.resources\.projects\RemoteSystemsTempFiles\.markers.snap (指定されたパスが見つかりません。)
	at java.io.FileOutputStream.open0(Native Method)
	at java.io.FileOutputStream.open(FileOutputStream.java:270)
	at java.io.FileOutputStream.<init>(FileOutputStream.java:213)
	at java.io.FileOutputStream.<init>(FileOutputStream.java:133)
	at org.eclipse.core.internal.localstore.SafeChunkyOutputStream.<init>(SafeChunkyOutputStream.java:45)
	at org.eclipse.core.internal.localstore.SafeChunkyOutputStream.<init>(SafeChunkyOutputStream.java:41)
	at org.eclipse.core.internal.resources.SaveManager.visitAndSnap(SaveManager.java:1769)
	at org.eclipse.core.internal.resources.SaveManager.visitAndSnap(SaveManager.java:1853)
	at org.eclipse.core.internal.resources.SaveManager.save(SaveManager.java:1222)
	at org.eclipse.core.internal.resources.SaveManager.save(SaveManager.java:1163)
	at org.eclipse.core.internal.resources.DelayedSnapshotJob.run(DelayedSnapshotJob.java:52)
	at org.eclipse.core.internal.jobs.Worker.run(Worker.java:55)

!ENTRY org.eclipse.core.resources 4 568 2019-01-18 19:28:36.015
!MESSAGE '/RemoteSystemsTempFiles' のメタデータを書き込みできませんでした。
!STACK 0
java.io.FileNotFoundException: C:\Users\testuser\Desktop\workspace\workspace-hiraide\test\.metadata\.plugins\org.eclipse.core.resources\.projects\RemoteSystemsTempFiles\.markers.snap (指定されたパスが見つかりません。)
	at java.io.FileOutputStream.open0(Native Method)
	at java.io.FileOutputStream.open(FileOutputStream.java:270)
	at java.io.FileOutputStream.<init>(FileOutputStream.java:213)
	at java.io.FileOutputStream.<init>(FileOutputStream.java:133)
	at org.eclipse.core.internal.localstore.SafeChunkyOutputStream.<init>(SafeChunkyOutputStream.java:45)
	at org.eclipse.core.internal.localstore.SafeChunkyOutputStream.<init>(SafeChunkyOutputStream.java:41)
	at org.eclipse.core.internal.resources.SaveManager.visitAndSnap(SaveManager.java:1769)
	at org.eclipse.core.internal.resources.SaveManager.visitAndSnap(SaveManager.java:1853)
	at org.eclipse.core.internal.resources.SaveManager.save(SaveManager.java:1222)
	at org.eclipse.core.internal.resources.SaveManager.save(SaveManager.java:1163)
	at org.eclipse.core.internal.resources.DelayedSnapshotJob.run(DelayedSnapshotJob.java:52)
	at org.eclipse.core.internal.jobs.Worker.run(Worker.java:55)

!ENTRY org.eclipse.recommenders.types.rcp 1 4 2019-01-18 19:30:52.893
!MESSAGE Full project indexing required:
  [*] C:\Users\testuser\Desktop\workspace\workspace-hiraide\test\ecsite\WebContent\WEB-INF\lib\commons-fileupload-1.3.2.jar
  [*] C:\Users\testuser\Desktop\workspace\workspace-hiraide\test\ecsite\WebContent\WEB-INF\lib\commons-io-2.2.jar
  [*] C:\Users\testuser\Desktop\workspace\workspace-hiraide\test\ecsite\WebContent\WEB-INF\lib\commons-lang3-3.2.jar
  [*] C:\Users\testuser\Desktop\workspace\workspace-hiraide\test\ecsite\WebContent\WEB-INF\lib\commons-logging-1.1.3.jar
  [*] C:\Users\testuser\Desktop\workspace\workspace-hiraide\test\ecsite\WebContent\WEB-INF\lib\freemarker-2.3.22.jar
  [*] C:\Users\testuser\Desktop\workspace\workspace-hiraide\test\ecsite\WebContent\WEB-INF\lib\javassist-3.11.0.GA.jar
  [*] C:\Users\testuser\Desktop\workspace\workspace-hiraide\test\ecsite\WebContent\WEB-INF\lib\mysql-connector-java-5.1.47-bin.jar
  [*] C:\Users\testuser\Desktop\workspace\workspace-hiraide\test\ecsite\WebContent\WEB-INF\lib\ognl-3.0.21.jar
  [*] C:\Users\testuser\Desktop\workspace\workspace-hiraide\test\ecsite\WebContent\WEB-INF\lib\struts2-core-2.3.34.jar
  [*] C:\Users\testuser\Desktop\workspace\workspace-hiraide\test\ecsite\WebContent\WEB-INF\lib\xwork-core-2.3.34.jar

!STACK 0
org.eclipse.recommenders.utils.Logs$LogTraceException
	at org.eclipse.recommenders.utils.Logs$LogTraceException.newTrace(Logs.java:381)
	at org.eclipse.recommenders.utils.Logs.log(Logs.java:134)
	at org.eclipse.recommenders.internal.types.rcp.ProjectTypesIndex.needsRebuild(ProjectTypesIndex.java:167)
	at org.eclipse.recommenders.internal.types.rcp.ProjectTypesIndex.startUp(ProjectTypesIndex.java:122)
	at com.google.common.util.concurrent.AbstractIdleService$2$1.run(AbstractIdleService.java:54)
	at com.google.common.util.concurrent.Callables$3.run(Callables.java:93)
	at java.lang.Thread.run(Thread.java:745)

!ENTRY org.eclipse.core.resources 4 568 2019-01-18 20:15:57.219
!MESSAGE '/RemoteSystemsTempFiles' のメタデータを書き込みできませんでした。
!STACK 0
java.io.FileNotFoundException: C:\Users\testuser\Desktop\workspace\workspace-hiraide\test\.metadata\.plugins\org.eclipse.core.resources\.projects\RemoteSystemsTempFiles\.markers.snap (指定されたパスが見つかりません。)
	at java.io.FileOutputStream.open0(Native Method)
	at java.io.FileOutputStream.open(FileOutputStream.java:270)
	at java.io.FileOutputStream.<init>(FileOutputStream.java:213)
	at java.io.FileOutputStream.<init>(FileOutputStream.java:133)
	at org.eclipse.core.internal.localstore.SafeChunkyOutputStream.<init>(SafeChunkyOutputStream.java:45)
	at org.eclipse.core.internal.localstore.SafeChunkyOutputStream.<init>(SafeChunkyOutputStream.java:41)
	at org.eclipse.core.internal.resources.SaveManager.visitAndSnap(SaveManager.java:1769)
	at org.eclipse.core.internal.resources.SaveManager.visitAndSnap(SaveManager.java:1853)
	at org.eclipse.core.internal.resources.SaveManager.save(SaveManager.java:1222)
	at org.eclipse.core.internal.resources.SaveManager.save(SaveManager.java:1163)
	at org.eclipse.core.internal.resources.DelayedSnapshotJob.run(DelayedSnapshotJob.java:52)
	at org.eclipse.core.internal.jobs.Worker.run(Worker.java:55)

!ENTRY org.eclipse.core.resources 4 568 2019-01-18 20:58:28.311
!MESSAGE '/RemoteSystemsTempFiles' のメタデータを書き込みできませんでした。
!STACK 0
java.io.FileNotFoundException: C:\Users\testuser\Desktop\workspace\workspace-hiraide\test\.metadata\.plugins\org.eclipse.core.resources\.projects\RemoteSystemsTempFiles\.markers.snap (指定されたパスが見つかりません。)
	at java.io.FileOutputStream.open0(Native Method)
	at java.io.FileOutputStream.open(FileOutputStream.java:270)
	at java.io.FileOutputStream.<init>(FileOutputStream.java:213)
	at java.io.FileOutputStream.<init>(FileOutputStream.java:133)
	at org.eclipse.core.internal.localstore.SafeChunkyOutputStream.<init>(SafeChunkyOutputStream.java:45)
	at org.eclipse.core.internal.localstore.SafeChunkyOutputStream.<init>(SafeChunkyOutputStream.java:41)
	at org.eclipse.core.internal.resources.SaveManager.visitAndSnap(SaveManager.java:1769)
	at org.eclipse.core.internal.resources.SaveManager.visitAndSnap(SaveManager.java:1853)
	at org.eclipse.core.internal.resources.SaveManager.save(SaveManager.java:1222)
	at org.eclipse.core.internal.resources.SaveManager.save(SaveManager.java:1163)
	at org.eclipse.core.internal.resources.DelayedSnapshotJob.run(DelayedSnapshotJob.java:52)
	at org.eclipse.core.internal.jobs.Worker.run(Worker.java:55)

!ENTRY org.eclipse.recommenders.rcp 2 23 2019-01-18 21:13:00.521
!MESSAGE Failed to parse news feed
!STACK 0
javax.net.ssl.SSLHandshakeException: sun.security.validator.ValidatorException: PKIX path building failed: sun.security.provider.certpath.SunCertPathBuilderException: unable to find valid certification path to requested target
	at sun.security.ssl.Alerts.getSSLException(Alerts.java:192)
	at sun.security.ssl.SSLSocketImpl.fatal(SSLSocketImpl.java:1949)
	at sun.security.ssl.Handshaker.fatalSE(Handshaker.java:302)
	at sun.security.ssl.Handshaker.fatalSE(Handshaker.java:296)
	at sun.security.ssl.ClientHandshaker.serverCertificate(ClientHandshaker.java:1509)
	at sun.security.ssl.ClientHandshaker.processMessage(ClientHandshaker.java:216)
	at sun.security.ssl.Handshaker.processLoop(Handshaker.java:979)
	at sun.security.ssl.Handshaker.process_record(Handshaker.java:914)
	at sun.security.ssl.SSLSocketImpl.readRecord(SSLSocketImpl.java:1062)
	at sun.security.ssl.SSLSocketImpl.performInitialHandshake(SSLSocketImpl.java:1375)
	at sun.security.ssl.SSLSocketImpl.startHandshake(SSLSocketImpl.java:1403)
	at sun.security.ssl.SSLSocketImpl.startHandshake(SSLSocketImpl.java:1387)
	at org.apache.http.conn.ssl.SSLConnectionSocketFactory.createLayeredSocket(SSLConnectionSocketFactory.java:290)
	at org.apache.http.conn.ssl.SSLConnectionSocketFactory.connectSocket(SSLConnectionSocketFactory.java:259)
	at org.apache.http.impl.conn.HttpClientConnectionOperator.connect(HttpClientConnectionOperator.java:125)
	at org.apache.http.impl.conn.PoolingHttpClientConnectionManager.connect(PoolingHttpClientConnectionManager.java:319)
	at org.apache.http.impl.execchain.MainClientExec.establishRoute(MainClientExec.java:363)
	at org.apache.http.impl.execchain.MainClientExec.execute(MainClientExec.java:219)
	at org.apache.http.impl.execchain.ProtocolExec.execute(ProtocolExec.java:195)
	at org.apache.http.impl.execchain.RetryExec.execute(RetryExec.java:86)
	at org.apache.http.impl.execchain.RedirectExec.execute(RedirectExec.java:108)
	at org.apache.http.impl.client.InternalHttpClient.doExecute(InternalHttpClient.java:184)
	at org.apache.http.impl.client.CloseableHttpClient.execute(CloseableHttpClient.java:82)
	at org.apache.http.impl.client.CloseableHttpClient.execute(CloseableHttpClient.java:57)
	at org.apache.http.client.fluent.Executor.execute(Executor.java:206)
	at org.eclipse.recommenders.internal.rcp.news.CheckForProjectNewsJob.getRSSFeed(CheckForProjectNewsJob.java:138)
	at org.eclipse.recommenders.internal.rcp.news.CheckForProjectNewsJob.doRun(CheckForProjectNewsJob.java:89)
	at org.eclipse.recommenders.internal.rcp.news.CheckForProjectNewsJob.run(CheckForProjectNewsJob.java:62)
	at org.eclipse.core.internal.jobs.Worker.run(Worker.java:55)
Caused by: sun.security.validator.ValidatorException: PKIX path building failed: sun.security.provider.certpath.SunCertPathBuilderException: unable to find valid certification path to requested target
	at sun.security.validator.PKIXValidator.doBuild(PKIXValidator.java:387)
	at sun.security.validator.PKIXValidator.engineValidate(PKIXValidator.java:292)
	at sun.security.validator.Validator.validate(Validator.java:260)
	at sun.security.ssl.X509TrustManagerImpl.validate(X509TrustManagerImpl.java:324)
	at sun.security.ssl.X509TrustManagerImpl.checkTrusted(X509TrustManagerImpl.java:229)
	at sun.security.ssl.X509TrustManagerImpl.checkServerTrusted(X509TrustManagerImpl.java:124)
	at sun.security.ssl.ClientHandshaker.serverCertificate(ClientHandshaker.java:1491)
	... 24 more
Caused by: sun.security.provider.certpath.SunCertPathBuilderException: unable to find valid certification path to requested target
	at sun.security.provider.certpath.SunCertPathBuilder.build(SunCertPathBuilder.java:141)
	at sun.security.provider.certpath.SunCertPathBuilder.engineBuild(SunCertPathBuilder.java:126)
	at java.security.cert.CertPathBuilder.build(CertPathBuilder.java:280)
	at sun.security.validator.PKIXValidator.doBuild(PKIXValidator.java:382)
	... 30 more

!ENTRY org.eclipse.core.resources 4 568 2019-01-18 21:23:54.684
!MESSAGE '/RemoteSystemsTempFiles' のメタデータを書き込みできませんでした。
!STACK 0
java.io.FileNotFoundException: C:\Users\testuser\Desktop\workspace\workspace-hiraide\test\.metadata\.plugins\org.eclipse.core.resources\.projects\RemoteSystemsTempFiles\.markers.snap (指定されたパスが見つかりません。)
	at java.io.FileOutputStream.open0(Native Method)
	at java.io.FileOutputStream.open(FileOutputStream.java:270)
	at java.io.FileOutputStream.<init>(FileOutputStream.java:213)
	at java.io.FileOutputStream.<init>(FileOutputStream.java:133)
	at org.eclipse.core.internal.localstore.SafeChunkyOutputStream.<init>(SafeChunkyOutputStream.java:45)
	at org.eclipse.core.internal.localstore.SafeChunkyOutputStream.<init>(SafeChunkyOutputStream.java:41)
	at org.eclipse.core.internal.resources.SaveManager.visitAndSnap(SaveManager.java:1769)
	at org.eclipse.core.internal.resources.SaveManager.visitAndSnap(SaveManager.java:1853)
	at org.eclipse.core.internal.resources.SaveManager.save(SaveManager.java:1222)
	at org.eclipse.core.internal.resources.SaveManager.save(SaveManager.java:1163)
	at org.eclipse.core.internal.resources.DelayedSnapshotJob.run(DelayedSnapshotJob.java:52)
	at org.eclipse.core.internal.jobs.Worker.run(Worker.java:55)

!ENTRY org.eclipse.core.resources 4 568 2019-01-18 21:39:21.188
!MESSAGE '/RemoteSystemsTempFiles' のメタデータを書き込みできませんでした。
!STACK 0
java.io.FileNotFoundException: C:\Users\testuser\Desktop\workspace\workspace-hiraide\test\.metadata\.plugins\org.eclipse.core.resources\.projects\RemoteSystemsTempFiles\.markers.snap (指定されたパスが見つかりません。)
	at java.io.FileOutputStream.open0(Native Method)
	at java.io.FileOutputStream.open(FileOutputStream.java:270)
	at java.io.FileOutputStream.<init>(FileOutputStream.java:213)
	at java.io.FileOutputStream.<init>(FileOutputStream.java:133)
	at org.eclipse.core.internal.localstore.SafeChunkyOutputStream.<init>(SafeChunkyOutputStream.java:45)
	at org.eclipse.core.internal.localstore.SafeChunkyOutputStream.<init>(SafeChunkyOutputStream.java:41)
	at org.eclipse.core.internal.resources.SaveManager.visitAndSnap(SaveManager.java:1769)
	at org.eclipse.core.internal.resources.SaveManager.visitAndSnap(SaveManager.java:1853)
	at org.eclipse.core.internal.resources.SaveManager.save(SaveManager.java:1222)
	at org.eclipse.core.internal.resources.SaveManager.save(SaveManager.java:1163)
	at org.eclipse.core.internal.resources.DelayedSnapshotJob.run(DelayedSnapshotJob.java:52)
	at org.eclipse.core.internal.jobs.Worker.run(Worker.java:55)

!ENTRY org.eclipse.core.resources 4 568 2019-01-18 21:44:31.865
!MESSAGE '/RemoteSystemsTempFiles' のメタデータを書き込みできませんでした。
!STACK 0
java.io.FileNotFoundException: C:\Users\testuser\Desktop\workspace\workspace-hiraide\test\.metadata\.plugins\org.eclipse.core.resources\.projects\RemoteSystemsTempFiles\.markers.snap (指定されたパスが見つかりません。)
	at java.io.FileOutputStream.open0(Native Method)
	at java.io.FileOutputStream.open(FileOutputStream.java:270)
	at java.io.FileOutputStream.<init>(FileOutputStream.java:213)
	at java.io.FileOutputStream.<init>(FileOutputStream.java:133)
	at org.eclipse.core.internal.localstore.SafeChunkyOutputStream.<init>(SafeChunkyOutputStream.java:45)
	at org.eclipse.core.internal.localstore.SafeChunkyOutputStream.<init>(SafeChunkyOutputStream.java:41)
	at org.eclipse.core.internal.resources.SaveManager.visitAndSnap(SaveManager.java:1769)
	at org.eclipse.core.internal.resources.SaveManager.visitAndSnap(SaveManager.java:1853)
	at org.eclipse.core.internal.resources.SaveManager.save(SaveManager.java:1222)
	at org.eclipse.core.internal.resources.SaveManager.save(SaveManager.java:1163)
	at org.eclipse.core.internal.resources.DelayedSnapshotJob.run(DelayedSnapshotJob.java:52)
	at org.eclipse.core.internal.jobs.Worker.run(Worker.java:55)

!ENTRY org.eclipse.core.resources 4 568 2019-01-18 21:50:03.942
!MESSAGE '/RemoteSystemsTempFiles' のメタデータを書き込みできませんでした。
!STACK 0
java.io.FileNotFoundException: C:\Users\testuser\Desktop\workspace\workspace-hiraide\test\.metadata\.plugins\org.eclipse.core.resources\.projects\RemoteSystemsTempFiles\.markers.snap (指定されたパスが見つかりません。)
	at java.io.FileOutputStream.open0(Native Method)
	at java.io.FileOutputStream.open(FileOutputStream.java:270)
	at java.io.FileOutputStream.<init>(FileOutputStream.java:213)
	at java.io.FileOutputStream.<init>(FileOutputStream.java:133)
	at org.eclipse.core.internal.localstore.SafeChunkyOutputStream.<init>(SafeChunkyOutputStream.java:45)
	at org.eclipse.core.internal.localstore.SafeChunkyOutputStream.<init>(SafeChunkyOutputStream.java:41)
	at org.eclipse.core.internal.resources.SaveManager.visitAndSnap(SaveManager.java:1769)
	at org.eclipse.core.internal.resources.SaveManager.visitAndSnap(SaveManager.java:1853)
	at org.eclipse.core.internal.resources.SaveManager.save(SaveManager.java:1222)
	at org.eclipse.core.internal.resources.SaveManager.save(SaveManager.java:1163)
	at org.eclipse.core.internal.resources.DelayedSnapshotJob.run(DelayedSnapshotJob.java:52)
	at org.eclipse.core.internal.jobs.Worker.run(Worker.java:55)

!ENTRY org.eclipse.ui.ide 4 4 2019-01-18 21:54:00.139
!MESSAGE ワークスペースの保管の問題

!ENTRY org.eclipse.ui.ide 4 1 2019-01-18 21:54:00.141
!MESSAGE ワークベンチの状態を保管中に問題が発生しました。
!SUBENTRY 1 org.eclipse.core.resources 4 568 2019-01-18 21:54:00.141
!MESSAGE '/RemoteSystemsTempFiles' のメタデータを書き込みできませんでした。
!STACK 0
java.io.FileNotFoundException: C:\Users\testuser\Desktop\workspace\workspace-hiraide\test\.metadata\.plugins\org.eclipse.core.resources\.projects\RemoteSystemsTempFiles\.markers (指定されたパスが見つかりません。)
	at java.io.FileOutputStream.open0(Native Method)
	at java.io.FileOutputStream.open(FileOutputStream.java:270)
	at java.io.FileOutputStream.<init>(FileOutputStream.java:213)
	at java.io.FileOutputStream.<init>(FileOutputStream.java:162)
	at org.eclipse.core.internal.localstore.SafeFileOutputStream.<init>(SafeFileOutputStream.java:51)
	at org.eclipse.core.internal.resources.SaveManager.visitAndSave(SaveManager.java:1658)
	at org.eclipse.core.internal.resources.SaveManager.visitAndSave(SaveManager.java:1740)
	at org.eclipse.core.internal.resources.SaveManager.save(SaveManager.java:1197)
	at org.eclipse.core.internal.resources.Workspace.save(Workspace.java:2270)
	at org.eclipse.ui.internal.ide.application.IDEWorkbenchAdvisor$4.run(IDEWorkbenchAdvisor.java:453)
	at org.eclipse.jface.operation.ModalContext$ModalContextThread.run(ModalContext.java:119)
!SESSION 2019-01-21 18:57:38.401 -----------------------------------------------
eclipse.buildId=4.5.2.M20160212-1500
java.version=1.8.0_74
java.vendor=Oracle Corporation
BootLoader constants: OS=win32, ARCH=x86_64, WS=win32, NL=ja_JP
Framework arguments:  -product org.eclipse.epp.package.jee.product
Command-line arguments:  -os win32 -ws win32 -arch x86_64 -product org.eclipse.epp.package.jee.product

!ENTRY org.eclipse.jface 2 0 2019-01-21 18:57:52.449
!MESSAGE キーバインドの競合が発生しました。 通常のアクセラレーター操作を妨げる可能性があります。
!SUBENTRY 1 org.eclipse.jface 2 0 2019-01-21 18:57:52.449
!MESSAGE ALT+CTRL+T の競合が発生しました:
Binding(ALT+CTRL+T,
	ParameterizedCommand(Command(org.eclipse.tm.terminal.connector.local.command.launch,Open Local Terminal on Selection,
		,
		Category(org.eclipse.tm.terminal.view.ui.commands.category,ターミナル・コマンド,null,true),
		org.eclipse.ui.internal.WorkbenchHandlerServiceHandler@2389f546,
		,,true),null),
	org.eclipse.ui.defaultAcceleratorConfiguration,
	org.eclipse.ui.contexts.window,,,system)
Binding(ALT+CTRL+T,
	ParameterizedCommand(Command(org.eclipse.team.svn.ui.command.EditPropertiesCommand,プロパティーの表示,
		,
		Category(org.eclipse.team.svn.ui.command.category,SVN,null,true),
		org.eclipse.ui.internal.WorkbenchHandlerServiceHandler@5b6ec94a,
		,,true),null),
	org.eclipse.ui.defaultAcceleratorConfiguration,
	org.eclipse.ui.contexts.window,,,system)
Binding(ALT+CTRL+T,
	ParameterizedCommand(Command(pl.szpinda.plugin.tomcat.commands.tomcatStartStop,Tomcat 開始、停止,
		,
		Category(pl.szpinda.plugin.tomcat.commands.category.key,Tomcat keys,null,true),
		org.eclipse.ui.internal.WorkbenchHandlerServiceHandler@64745270,
		,,true),null),
	org.eclipse.ui.defaultAcceleratorConfiguration,
	org.eclipse.ui.contexts.window,,,system)
!SUBENTRY 1 org.eclipse.jface 2 0 2019-01-21 18:57:52.449
!MESSAGE A conflict occurred for ALT+SHIFT+D R:
Binding(ALT+SHIFT+D R,
	ParameterizedCommand(Command(org.eclipse.wst.server.launchShortcut.debug,サーバーでデバッグ,
		サーバー上の現在の選択をデバッグ,
		Category(org.eclipse.debug.ui.category.run,実行/デバッグ,コマンド実行/デバッグのカテゴリー,true),
		org.eclipse.ui.internal.WorkbenchHandlerServiceHandler@596d17f4,
		,,true),null),
	org.eclipse.ui.defaultAcceleratorConfiguration,
	org.eclipse.ui.contexts.window,,,system)
Binding(ALT+SHIFT+D R,
	ParameterizedCommand(Command(org.eclipse.rap.tools.launch.RAPLaunchShortcut.debug,RAP アプリケーションのデバッグ,
		RAP アプリケーションのデバッグ,
		Category(org.eclipse.debug.ui.category.run,実行/デバッグ,コマンド実行/デバッグのカテゴリー,true),
		org.eclipse.ui.internal.WorkbenchHandlerServiceHandler@35a2ea5a,
		,,true),null),
	org.eclipse.ui.defaultAcceleratorConfiguration,
	org.eclipse.ui.contexts.window,,,system)
!SUBENTRY 1 org.eclipse.jface 2 0 2019-01-21 18:57:52.449
!MESSAGE A conflict occurred for ALT+SHIFT+X R:
Binding(ALT+SHIFT+X R,
	ParameterizedCommand(Command(org.eclipse.wst.server.launchShortcut.run,サーバーで実行,
		サーバー上の現在の選択を実行,
		Category(org.eclipse.debug.ui.category.run,実行/デバッグ,コマンド実行/デバッグのカテゴリー,true),
		org.eclipse.ui.internal.WorkbenchHandlerServiceHandler@18ab513d,
		,,true),null),
	org.eclipse.ui.defaultAcceleratorConfiguration,
	org.eclipse.ui.contexts.window,,,system)
Binding(ALT+SHIFT+X R,
	ParameterizedCommand(Command(org.eclipse.rap.tools.launch.RAPLaunchShortcut.run,RAP アプリケーションの実行,
		RAP アプリケーションの実行,
		Category(org.eclipse.debug.ui.category.run,実行/デバッグ,コマンド実行/デバッグのカテゴリー,true),
		org.eclipse.ui.internal.WorkbenchHandlerServiceHandler@5e8a678a,
		,,true),null),
	org.eclipse.ui.defaultAcceleratorConfiguration,
	org.eclipse.ui.contexts.window,,,system)

!ENTRY org.eclipse.jface 2 0 2019-01-21 18:58:03.321
!MESSAGE キーバインドの競合が発生しました。 通常のアクセラレーター操作を妨げる可能性があります。
!SUBENTRY 1 org.eclipse.jface 2 0 2019-01-21 18:58:03.321
!MESSAGE ALT+CTRL+SPACE の競合が発生しました:
Binding(ALT+CTRL+SPACE,
	ParameterizedCommand(Command(org.eclipse.recommenders.snipmatch.rcp.commands.completion,Snipmatch スニペット・コンプリート,
		Open a dialog to search for and insert code snippets,
		Category(org.eclipse.jdt.ui.category.source,ソース,Java ソース・アクション,true),
		org.eclipse.ui.internal.WorkbenchHandlerServiceHandler@8ff4795,
		,,true),null),
	org.eclipse.ui.defaultAcceleratorConfiguration,
	org.eclipse.ui.textEditorScope,,,system)
Binding(ALT+CTRL+SPACE,
	ParameterizedCommand(Command(AnyEdit.CnvrtTabToSpaces.command,タブをスペースに,
		,
		Category(AnyEdit.category,AnyEdit ツール,AnyEdit ツール・キー・バインド,true),
		org.eclipse.ui.internal.WorkbenchHandlerServiceHandler@19bdfa3e,
		,,true),null),
	org.eclipse.ui.defaultAcceleratorConfiguration,
	org.eclipse.ui.textEditorScope,,,system)

!ENTRY org.eclipse.ui 4 0 2019-01-21 18:58:08.420
!MESSAGE 未処理のイベント・ループ例外
!STACK 0
org.eclipse.swt.SWTException: Failed to execute runnable (java.lang.NoSuchMethodError: org.eclipse.ui.internal.registry.FileEditorMapping.setDefaultEditor(Lorg/eclipse/ui/internal/registry/EditorDescriptor;)V)
	at org.eclipse.swt.SWT.error(SWT.java:4491)
	at org.eclipse.swt.SWT.error(SWT.java:4406)
	at org.eclipse.swt.widgets.Synchronizer.runAsyncMessages(Synchronizer.java:138)
	at org.eclipse.swt.widgets.Display.runAsyncMessages(Display.java:4155)
	at org.eclipse.swt.widgets.Display.readAndDispatch(Display.java:3772)
	at org.eclipse.e4.ui.internal.workbench.swt.PartRenderingEngine$4.run(PartRenderingEngine.java:1127)
	at org.eclipse.core.databinding.observable.Realm.runWithDefault(Realm.java:337)
	at org.eclipse.e4.ui.internal.workbench.swt.PartRenderingEngine.run(PartRenderingEngine.java:1018)
	at org.eclipse.e4.ui.internal.workbench.E4Workbench.createAndRunUI(E4Workbench.java:156)
	at org.eclipse.ui.internal.Workbench$5.run(Workbench.java:694)
	at org.eclipse.core.databinding.observable.Realm.runWithDefault(Realm.java:337)
	at org.eclipse.ui.internal.Workbench.createAndRunWorkbench(Workbench.java:606)
	at org.eclipse.ui.PlatformUI.createAndRunWorkbench(PlatformUI.java:150)
	at org.eclipse.ui.internal.ide.application.IDEApplication.start(IDEApplication.java:139)
	at org.eclipse.equinox.internal.app.EclipseAppHandle.run(EclipseAppHandle.java:196)
	at org.eclipse.core.runtime.internal.adaptor.EclipseAppLauncher.runApplication(EclipseAppLauncher.java:134)
	at org.eclipse.core.runtime.internal.adaptor.EclipseAppLauncher.start(EclipseAppLauncher.java:104)
	at org.eclipse.core.runtime.adaptor.EclipseStarter.run(EclipseStarter.java:380)
	at org.eclipse.core.runtime.adaptor.EclipseStarter.run(EclipseStarter.java:235)
	at sun.reflect.NativeMethodAccessorImpl.invoke0(Native Method)
	at sun.reflect.NativeMethodAccessorImpl.invoke(NativeMethodAccessorImpl.java:62)
	at sun.reflect.DelegatingMethodAccessorImpl.invoke(DelegatingMethodAccessorImpl.java:43)
	at java.lang.reflect.Method.invoke(Method.java:498)
	at org.eclipse.equinox.launcher.Main.invokeFramework(Main.java:669)
	at org.eclipse.equinox.launcher.Main.basicRun(Main.java:608)
	at org.eclipse.equinox.launcher.Main.run(Main.java:1515)
Caused by: java.lang.NoSuchMethodError: org.eclipse.ui.internal.registry.FileEditorMapping.setDefaultEditor(Lorg/eclipse/ui/internal/registry/EditorDescriptor;)V
	at org.sf.feeling.decompiler.Startup$SetupClassFileAssociationRunnable.run(Startup.java:81)
	at org.eclipse.ui.internal.UILockListener.doPendingWork(UILockListener.java:162)
	at org.eclipse.ui.internal.UISynchronizer$3.run(UISynchronizer.java:154)
	at org.eclipse.swt.widgets.RunnableLock.run(RunnableLock.java:35)
	at org.eclipse.swt.widgets.Synchronizer.runAsyncMessages(Synchronizer.java:135)
	... 23 more

!ENTRY org.eclipse.jdt.core 4 4 2019-01-21 18:58:16.975
!MESSAGE JavaBuilder handling CoreException
!STACK 1
org.eclipse.core.runtime.CoreException: ファイルが見つかりません: C:\Users\testuser\Desktop\workspace\workspace-hiraide\test\Capsule\bin\Capsule.class.
	at org.eclipse.core.internal.filesystem.Policy.error(Policy.java:49)
	at org.eclipse.core.internal.filesystem.local.LocalFile.openInputStream(LocalFile.java:391)
	at org.eclipse.core.internal.localstore.FileSystemResourceManager.read(FileSystemResourceManager.java:834)
	at org.eclipse.core.internal.resources.File.getContents(File.java:269)
	at org.eclipse.jdt.internal.core.util.Util.getResourceContentsAsByteArray(Util.java:1135)
	at org.eclipse.jdt.internal.core.builder.IncrementalImageBuilder.writeClassFileCheck(IncrementalImageBuilder.java:889)
	at org.eclipse.jdt.internal.core.builder.IncrementalImageBuilder.writeClassFileContents(IncrementalImageBuilder.java:831)
	at org.eclipse.jdt.internal.core.builder.AbstractImageBuilder.writeClassFile(AbstractImageBuilder.java:859)
	at org.eclipse.jdt.internal.core.builder.AbstractImageBuilder.acceptResult(AbstractImageBuilder.java:190)
	at org.eclipse.jdt.internal.compiler.Compiler.processCompiledUnits(Compiler.java:589)
	at org.eclipse.jdt.internal.compiler.Compiler.compile(Compiler.java:458)
	at org.eclipse.jdt.internal.core.builder.AbstractImageBuilder.compile(AbstractImageBuilder.java:367)
	at org.eclipse.jdt.internal.core.builder.IncrementalImageBuilder.compile(IncrementalImageBuilder.java:330)
	at org.eclipse.jdt.internal.core.builder.AbstractImageBuilder.compile(AbstractImageBuilder.java:304)
	at org.eclipse.jdt.internal.core.builder.IncrementalImageBuilder.build(IncrementalImageBuilder.java:135)
	at org.eclipse.jdt.internal.core.builder.JavaBuilder.buildDeltas(JavaBuilder.java:267)
	at org.eclipse.jdt.internal.core.builder.JavaBuilder.build(JavaBuilder.java:195)
	at org.eclipse.core.internal.events.BuildManager$2.run(BuildManager.java:734)
	at org.eclipse.core.runtime.SafeRunner.run(SafeRunner.java:42)
	at org.eclipse.core.internal.events.BuildManager.basicBuild(BuildManager.java:205)
	at org.eclipse.core.internal.events.BuildManager.basicBuild(BuildManager.java:245)
	at org.eclipse.core.internal.events.BuildManager$1.run(BuildManager.java:300)
	at org.eclipse.core.runtime.SafeRunner.run(SafeRunner.java:42)
	at org.eclipse.core.internal.events.BuildManager.basicBuild(BuildManager.java:303)
	at org.eclipse.core.internal.events.BuildManager.basicBuildLoop(BuildManager.java:359)
	at org.eclipse.core.internal.events.BuildManager.build(BuildManager.java:382)
	at org.eclipse.core.internal.events.AutoBuildJob.doBuild(AutoBuildJob.java:144)
	at org.eclipse.core.internal.events.AutoBuildJob.run(AutoBuildJob.java:235)
	at org.eclipse.core.internal.jobs.Worker.run(Worker.java:55)
Caused by: java.io.FileNotFoundException: C:\Users\testuser\Desktop\workspace\workspace-hiraide\test\Capsule\bin\Capsule.class (指定されたパスが見つかりません。)
	at java.io.FileInputStream.open0(Native Method)
	at java.io.FileInputStream.open(FileInputStream.java:195)
	at java.io.FileInputStream.<init>(FileInputStream.java:138)
	at org.eclipse.core.internal.filesystem.local.LocalFile.openInputStream(LocalFile.java:382)
	... 27 more
!SUBENTRY 1 org.eclipse.core.filesystem 4 271 2019-01-21 18:58:16.976
!MESSAGE ファイルが見つかりません: C:\Users\testuser\Desktop\workspace\workspace-hiraide\test\Capsule\bin\Capsule.class.
!STACK 0
java.io.FileNotFoundException: C:\Users\testuser\Desktop\workspace\workspace-hiraide\test\Capsule\bin\Capsule.class (指定されたパスが見つかりません。)
	at java.io.FileInputStream.open0(Native Method)
	at java.io.FileInputStream.open(FileInputStream.java:195)
	at java.io.FileInputStream.<init>(FileInputStream.java:138)
	at org.eclipse.core.internal.filesystem.local.LocalFile.openInputStream(LocalFile.java:382)
	at org.eclipse.core.internal.localstore.FileSystemResourceManager.read(FileSystemResourceManager.java:834)
	at org.eclipse.core.internal.resources.File.getContents(File.java:269)
	at org.eclipse.jdt.internal.core.util.Util.getResourceContentsAsByteArray(Util.java:1135)
	at org.eclipse.jdt.internal.core.builder.IncrementalImageBuilder.writeClassFileCheck(IncrementalImageBuilder.java:889)
	at org.eclipse.jdt.internal.core.builder.IncrementalImageBuilder.writeClassFileContents(IncrementalImageBuilder.java:831)
	at org.eclipse.jdt.internal.core.builder.AbstractImageBuilder.writeClassFile(AbstractImageBuilder.java:859)
	at org.eclipse.jdt.internal.core.builder.AbstractImageBuilder.acceptResult(AbstractImageBuilder.java:190)
	at org.eclipse.jdt.internal.compiler.Compiler.processCompiledUnits(Compiler.java:589)
	at org.eclipse.jdt.internal.compiler.Compiler.compile(Compiler.java:458)
	at org.eclipse.jdt.internal.core.builder.AbstractImageBuilder.compile(AbstractImageBuilder.java:367)
	at org.eclipse.jdt.internal.core.builder.IncrementalImageBuilder.compile(IncrementalImageBuilder.java:330)
	at org.eclipse.jdt.internal.core.builder.AbstractImageBuilder.compile(AbstractImageBuilder.java:304)
	at org.eclipse.jdt.internal.core.builder.IncrementalImageBuilder.build(IncrementalImageBuilder.java:135)
	at org.eclipse.jdt.internal.core.builder.JavaBuilder.buildDeltas(JavaBuilder.java:267)
	at org.eclipse.jdt.internal.core.builder.JavaBuilder.build(JavaBuilder.java:195)
	at org.eclipse.core.internal.events.BuildManager$2.run(BuildManager.java:734)
	at org.eclipse.core.runtime.SafeRunner.run(SafeRunner.java:42)
	at org.eclipse.core.internal.events.BuildManager.basicBuild(BuildManager.java:205)
	at org.eclipse.core.internal.events.BuildManager.basicBuild(BuildManager.java:245)
	at org.eclipse.core.internal.events.BuildManager$1.run(BuildManager.java:300)
	at org.eclipse.core.runtime.SafeRunner.run(SafeRunner.java:42)
	at org.eclipse.core.internal.events.BuildManager.basicBuild(BuildManager.java:303)
	at org.eclipse.core.internal.events.BuildManager.basicBuildLoop(BuildManager.java:359)
	at org.eclipse.core.internal.events.BuildManager.build(BuildManager.java:382)
	at org.eclipse.core.internal.events.AutoBuildJob.doBuild(AutoBuildJob.java:144)
	at org.eclipse.core.internal.events.AutoBuildJob.run(AutoBuildJob.java:235)
	at org.eclipse.core.internal.jobs.Worker.run(Worker.java:55)

!ENTRY org.eclipse.jdt.core 4 4 2019-01-21 18:58:17.261
!MESSAGE JavaBuilder handling CoreException
!STACK 1
org.eclipse.core.runtime.CoreException: ファイルが見つかりません: C:\Users\testuser\Desktop\workspace\workspace-hiraide\test\Capsule\bin\Person.class.
	at org.eclipse.core.internal.filesystem.Policy.error(Policy.java:49)
	at org.eclipse.core.internal.filesystem.local.LocalFile.openInputStream(LocalFile.java:391)
	at org.eclipse.core.internal.localstore.FileSystemResourceManager.read(FileSystemResourceManager.java:834)
	at org.eclipse.core.internal.resources.File.getContents(File.java:269)
	at org.eclipse.jdt.internal.core.util.Util.getResourceContentsAsByteArray(Util.java:1135)
	at org.eclipse.jdt.internal.core.builder.IncrementalImageBuilder.writeClassFileCheck(IncrementalImageBuilder.java:889)
	at org.eclipse.jdt.internal.core.builder.IncrementalImageBuilder.writeClassFileContents(IncrementalImageBuilder.java:831)
	at org.eclipse.jdt.internal.core.builder.AbstractImageBuilder.writeClassFile(AbstractImageBuilder.java:859)
	at org.eclipse.jdt.internal.core.builder.AbstractImageBuilder.acceptResult(AbstractImageBuilder.java:190)
	at org.eclipse.jdt.internal.compiler.Compiler.processCompiledUnits(Compiler.java:589)
	at org.eclipse.jdt.internal.compiler.Compiler.compile(Compiler.java:458)
	at org.eclipse.jdt.internal.core.builder.AbstractImageBuilder.compile(AbstractImageBuilder.java:367)
	at org.eclipse.jdt.internal.core.builder.IncrementalImageBuilder.compile(IncrementalImageBuilder.java:330)
	at org.eclipse.jdt.internal.core.builder.AbstractImageBuilder.compile(AbstractImageBuilder.java:304)
	at org.eclipse.jdt.internal.core.builder.IncrementalImageBuilder.build(IncrementalImageBuilder.java:135)
	at org.eclipse.jdt.internal.core.builder.JavaBuilder.buildDeltas(JavaBuilder.java:267)
	at org.eclipse.jdt.internal.core.builder.JavaBuilder.build(JavaBuilder.java:195)
	at org.eclipse.core.internal.events.BuildManager$2.run(BuildManager.java:734)
	at org.eclipse.core.runtime.SafeRunner.run(SafeRunner.java:42)
	at org.eclipse.core.internal.events.BuildManager.basicBuild(BuildManager.java:205)
	at org.eclipse.core.internal.events.BuildManager.basicBuild(BuildManager.java:245)
	at org.eclipse.core.internal.events.BuildManager$1.run(BuildManager.java:300)
	at org.eclipse.core.runtime.SafeRunner.run(SafeRunner.java:42)
	at org.eclipse.core.internal.events.BuildManager.basicBuild(BuildManager.java:303)
	at org.eclipse.core.internal.events.BuildManager.basicBuildLoop(BuildManager.java:359)
	at org.eclipse.core.internal.events.BuildManager.build(BuildManager.java:382)
	at org.eclipse.core.internal.events.AutoBuildJob.doBuild(AutoBuildJob.java:144)
	at org.eclipse.core.internal.events.AutoBuildJob.run(AutoBuildJob.java:235)
	at org.eclipse.core.internal.jobs.Worker.run(Worker.java:55)
Caused by: java.io.FileNotFoundException: C:\Users\testuser\Desktop\workspace\workspace-hiraide\test\Capsule\bin\Person.class (指定されたパスが見つかりません。)
	at java.io.FileInputStream.open0(Native Method)
	at java.io.FileInputStream.open(FileInputStream.java:195)
	at java.io.FileInputStream.<init>(FileInputStream.java:138)
	at org.eclipse.core.internal.filesystem.local.LocalFile.openInputStream(LocalFile.java:382)
	... 27 more
!SUBENTRY 1 org.eclipse.core.filesystem 4 271 2019-01-21 18:58:17.262
!MESSAGE ファイルが見つかりません: C:\Users\testuser\Desktop\workspace\workspace-hiraide\test\Capsule\bin\Person.class.
!STACK 0
java.io.FileNotFoundException: C:\Users\testuser\Desktop\workspace\workspace-hiraide\test\Capsule\bin\Person.class (指定されたパスが見つかりません。)
	at java.io.FileInputStream.open0(Native Method)
	at java.io.FileInputStream.open(FileInputStream.java:195)
	at java.io.FileInputStream.<init>(FileInputStream.java:138)
	at org.eclipse.core.internal.filesystem.local.LocalFile.openInputStream(LocalFile.java:382)
	at org.eclipse.core.internal.localstore.FileSystemResourceManager.read(FileSystemResourceManager.java:834)
	at org.eclipse.core.internal.resources.File.getContents(File.java:269)
	at org.eclipse.jdt.internal.core.util.Util.getResourceContentsAsByteArray(Util.java:1135)
	at org.eclipse.jdt.internal.core.builder.IncrementalImageBuilder.writeClassFileCheck(IncrementalImageBuilder.java:889)
	at org.eclipse.jdt.internal.core.builder.IncrementalImageBuilder.writeClassFileContents(IncrementalImageBuilder.java:831)
	at org.eclipse.jdt.internal.core.builder.AbstractImageBuilder.writeClassFile(AbstractImageBuilder.java:859)
	at org.eclipse.jdt.internal.core.builder.AbstractImageBuilder.acceptResult(AbstractImageBuilder.java:190)
	at org.eclipse.jdt.internal.compiler.Compiler.processCompiledUnits(Compiler.java:589)
	at org.eclipse.jdt.internal.compiler.Compiler.compile(Compiler.java:458)
	at org.eclipse.jdt.internal.core.builder.AbstractImageBuilder.compile(AbstractImageBuilder.java:367)
	at org.eclipse.jdt.internal.core.builder.IncrementalImageBuilder.compile(IncrementalImageBuilder.java:330)
	at org.eclipse.jdt.internal.core.builder.AbstractImageBuilder.compile(AbstractImageBuilder.java:304)
	at org.eclipse.jdt.internal.core.builder.IncrementalImageBuilder.build(IncrementalImageBuilder.java:135)
	at org.eclipse.jdt.internal.core.builder.JavaBuilder.buildDeltas(JavaBuilder.java:267)
	at org.eclipse.jdt.internal.core.builder.JavaBuilder.build(JavaBuilder.java:195)
	at org.eclipse.core.internal.events.BuildManager$2.run(BuildManager.java:734)
	at org.eclipse.core.runtime.SafeRunner.run(SafeRunner.java:42)
	at org.eclipse.core.internal.events.BuildManager.basicBuild(BuildManager.java:205)
	at org.eclipse.core.internal.events.BuildManager.basicBuild(BuildManager.java:245)
	at org.eclipse.core.internal.events.BuildManager$1.run(BuildManager.java:300)
	at org.eclipse.core.runtime.SafeRunner.run(SafeRunner.java:42)
	at org.eclipse.core.internal.events.BuildManager.basicBuild(BuildManager.java:303)
	at org.eclipse.core.internal.events.BuildManager.basicBuildLoop(BuildManager.java:359)
	at org.eclipse.core.internal.events.BuildManager.build(BuildManager.java:382)
	at org.eclipse.core.internal.events.AutoBuildJob.doBuild(AutoBuildJob.java:144)
	at org.eclipse.core.internal.events.AutoBuildJob.run(AutoBuildJob.java:235)
	at org.eclipse.core.internal.jobs.Worker.run(Worker.java:55)

!ENTRY org.eclipse.jdt.core 4 4 2019-01-21 18:58:18.093
!MESSAGE JavaBuilder handling CoreException
!STACK 1
org.eclipse.core.runtime.CoreException: ファイルが見つかりません: C:\Users\testuser\Desktop\workspace\workspace-hiraide\test\Person\bin\Person.class.
	at org.eclipse.core.internal.filesystem.Policy.error(Policy.java:49)
	at org.eclipse.core.internal.filesystem.local.LocalFile.openInputStream(LocalFile.java:391)
	at org.eclipse.core.internal.localstore.FileSystemResourceManager.read(FileSystemResourceManager.java:834)
	at org.eclipse.core.internal.resources.File.getContents(File.java:269)
	at org.eclipse.jdt.internal.core.util.Util.getResourceContentsAsByteArray(Util.java:1135)
	at org.eclipse.jdt.internal.core.builder.IncrementalImageBuilder.writeClassFileCheck(IncrementalImageBuilder.java:889)
	at org.eclipse.jdt.internal.core.builder.IncrementalImageBuilder.writeClassFileContents(IncrementalImageBuilder.java:831)
	at org.eclipse.jdt.internal.core.builder.AbstractImageBuilder.writeClassFile(AbstractImageBuilder.java:859)
	at org.eclipse.jdt.internal.core.builder.AbstractImageBuilder.acceptResult(AbstractImageBuilder.java:190)
	at org.eclipse.jdt.internal.compiler.Compiler.processCompiledUnits(Compiler.java:589)
	at org.eclipse.jdt.internal.compiler.Compiler.compile(Compiler.java:458)
	at org.eclipse.jdt.internal.core.builder.AbstractImageBuilder.compile(AbstractImageBuilder.java:367)
	at org.eclipse.jdt.internal.core.builder.IncrementalImageBuilder.compile(IncrementalImageBuilder.java:330)
	at org.eclipse.jdt.internal.core.builder.AbstractImageBuilder.compile(AbstractImageBuilder.java:304)
	at org.eclipse.jdt.internal.core.builder.IncrementalImageBuilder.build(IncrementalImageBuilder.java:135)
	at org.eclipse.jdt.internal.core.builder.JavaBuilder.buildDeltas(JavaBuilder.java:267)
	at org.eclipse.jdt.internal.core.builder.JavaBuilder.build(JavaBuilder.java:195)
	at org.eclipse.core.internal.events.BuildManager$2.run(BuildManager.java:734)
	at org.eclipse.core.runtime.SafeRunner.run(SafeRunner.java:42)
	at org.eclipse.core.internal.events.BuildManager.basicBuild(BuildManager.java:205)
	at org.eclipse.core.internal.events.BuildManager.basicBuild(BuildManager.java:245)
	at org.eclipse.core.internal.events.BuildManager$1.run(BuildManager.java:300)
	at org.eclipse.core.runtime.SafeRunner.run(SafeRunner.java:42)
	at org.eclipse.core.internal.events.BuildManager.basicBuild(BuildManager.java:303)
	at org.eclipse.core.internal.events.BuildManager.basicBuildLoop(BuildManager.java:359)
	at org.eclipse.core.internal.events.BuildManager.build(BuildManager.java:382)
	at org.eclipse.core.internal.events.AutoBuildJob.doBuild(AutoBuildJob.java:144)
	at org.eclipse.core.internal.events.AutoBuildJob.run(AutoBuildJob.java:235)
	at org.eclipse.core.internal.jobs.Worker.run(Worker.java:55)
Caused by: java.io.FileNotFoundException: C:\Users\testuser\Desktop\workspace\workspace-hiraide\test\Person\bin\Person.class (指定されたパスが見つかりません。)
	at java.io.FileInputStream.open0(Native Method)
	at java.io.FileInputStream.open(FileInputStream.java:195)
	at java.io.FileInputStream.<init>(FileInputStream.java:138)
	at org.eclipse.core.internal.filesystem.local.LocalFile.openInputStream(LocalFile.java:382)
	... 27 more
!SUBENTRY 1 org.eclipse.core.filesystem 4 271 2019-01-21 18:58:18.093
!MESSAGE ファイルが見つかりません: C:\Users\testuser\Desktop\workspace\workspace-hiraide\test\Person\bin\Person.class.
!STACK 0
java.io.FileNotFoundException: C:\Users\testuser\Desktop\workspace\workspace-hiraide\test\Person\bin\Person.class (指定されたパスが見つかりません。)
	at java.io.FileInputStream.open0(Native Method)
	at java.io.FileInputStream.open(FileInputStream.java:195)
	at java.io.FileInputStream.<init>(FileInputStream.java:138)
	at org.eclipse.core.internal.filesystem.local.LocalFile.openInputStream(LocalFile.java:382)
	at org.eclipse.core.internal.localstore.FileSystemResourceManager.read(FileSystemResourceManager.java:834)
	at org.eclipse.core.internal.resources.File.getContents(File.java:269)
	at org.eclipse.jdt.internal.core.util.Util.getResourceContentsAsByteArray(Util.java:1135)
	at org.eclipse.jdt.internal.core.builder.IncrementalImageBuilder.writeClassFileCheck(IncrementalImageBuilder.java:889)
	at org.eclipse.jdt.internal.core.builder.IncrementalImageBuilder.writeClassFileContents(IncrementalImageBuilder.java:831)
	at org.eclipse.jdt.internal.core.builder.AbstractImageBuilder.writeClassFile(AbstractImageBuilder.java:859)
	at org.eclipse.jdt.internal.core.builder.AbstractImageBuilder.acceptResult(AbstractImageBuilder.java:190)
	at org.eclipse.jdt.internal.compiler.Compiler.processCompiledUnits(Compiler.java:589)
	at org.eclipse.jdt.internal.compiler.Compiler.compile(Compiler.java:458)
	at org.eclipse.jdt.internal.core.builder.AbstractImageBuilder.compile(AbstractImageBuilder.java:367)
	at org.eclipse.jdt.internal.core.builder.IncrementalImageBuilder.compile(IncrementalImageBuilder.java:330)
	at org.eclipse.jdt.internal.core.builder.AbstractImageBuilder.compile(AbstractImageBuilder.java:304)
	at org.eclipse.jdt.internal.core.builder.IncrementalImageBuilder.build(IncrementalImageBuilder.java:135)
	at org.eclipse.jdt.internal.core.builder.JavaBuilder.buildDeltas(JavaBuilder.java:267)
	at org.eclipse.jdt.internal.core.builder.JavaBuilder.build(JavaBuilder.java:195)
	at org.eclipse.core.internal.events.BuildManager$2.run(BuildManager.java:734)
	at org.eclipse.core.runtime.SafeRunner.run(SafeRunner.java:42)
	at org.eclipse.core.internal.events.BuildManager.basicBuild(BuildManager.java:205)
	at org.eclipse.core.internal.events.BuildManager.basicBuild(BuildManager.java:245)
	at org.eclipse.core.internal.events.BuildManager$1.run(BuildManager.java:300)
	at org.eclipse.core.runtime.SafeRunner.run(SafeRunner.java:42)
	at org.eclipse.core.internal.events.BuildManager.basicBuild(BuildManager.java:303)
	at org.eclipse.core.internal.events.BuildManager.basicBuildLoop(BuildManager.java:359)
	at org.eclipse.core.internal.events.BuildManager.build(BuildManager.java:382)
	at org.eclipse.core.internal.events.AutoBuildJob.doBuild(AutoBuildJob.java:144)
	at org.eclipse.core.internal.events.AutoBuildJob.run(AutoBuildJob.java:235)
	at org.eclipse.core.internal.jobs.Worker.run(Worker.java:55)

!ENTRY org.eclipse.jdt.core 4 4 2019-01-21 18:58:18.097
!MESSAGE JavaBuilder handling CoreException
!STACK 1
org.eclipse.core.runtime.CoreException: ファイルが見つかりません: C:\Users\testuser\Desktop\workspace\workspace-hiraide\test\Person\bin\Robot.class.
	at org.eclipse.core.internal.filesystem.Policy.error(Policy.java:49)
	at org.eclipse.core.internal.filesystem.local.LocalFile.openInputStream(LocalFile.java:391)
	at org.eclipse.core.internal.localstore.FileSystemResourceManager.read(FileSystemResourceManager.java:834)
	at org.eclipse.core.internal.resources.File.getContents(File.java:269)
	at org.eclipse.jdt.internal.core.util.Util.getResourceContentsAsByteArray(Util.java:1135)
	at org.eclipse.jdt.internal.core.builder.IncrementalImageBuilder.writeClassFileCheck(IncrementalImageBuilder.java:889)
	at org.eclipse.jdt.internal.core.builder.IncrementalImageBuilder.writeClassFileContents(IncrementalImageBuilder.java:831)
	at org.eclipse.jdt.internal.core.builder.AbstractImageBuilder.writeClassFile(AbstractImageBuilder.java:859)
	at org.eclipse.jdt.internal.core.builder.AbstractImageBuilder.acceptResult(AbstractImageBuilder.java:190)
	at org.eclipse.jdt.internal.compiler.Compiler.processCompiledUnits(Compiler.java:589)
	at org.eclipse.jdt.internal.compiler.Compiler.compile(Compiler.java:458)
	at org.eclipse.jdt.internal.core.builder.AbstractImageBuilder.compile(AbstractImageBuilder.java:367)
	at org.eclipse.jdt.internal.core.builder.IncrementalImageBuilder.compile(IncrementalImageBuilder.java:330)
	at org.eclipse.jdt.internal.core.builder.AbstractImageBuilder.compile(AbstractImageBuilder.java:304)
	at org.eclipse.jdt.internal.core.builder.IncrementalImageBuilder.build(IncrementalImageBuilder.java:135)
	at org.eclipse.jdt.internal.core.builder.JavaBuilder.buildDeltas(JavaBuilder.java:267)
	at org.eclipse.jdt.internal.core.builder.JavaBuilder.build(JavaBuilder.java:195)
	at org.eclipse.core.internal.events.BuildManager$2.run(BuildManager.java:734)
	at org.eclipse.core.runtime.SafeRunner.run(SafeRunner.java:42)
	at org.eclipse.core.internal.events.BuildManager.basicBuild(BuildManager.java:205)
	at org.eclipse.core.internal.events.BuildManager.basicBuild(BuildManager.java:245)
	at org.eclipse.core.internal.events.BuildManager$1.run(BuildManager.java:300)
	at org.eclipse.core.runtime.SafeRunner.run(SafeRunner.java:42)
	at org.eclipse.core.internal.events.BuildManager.basicBuild(BuildManager.java:303)
	at org.eclipse.core.internal.events.BuildManager.basicBuildLoop(BuildManager.java:359)
	at org.eclipse.core.internal.events.BuildManager.build(BuildManager.java:382)
	at org.eclipse.core.internal.events.AutoBuildJob.doBuild(AutoBuildJob.java:144)
	at org.eclipse.core.internal.events.AutoBuildJob.run(AutoBuildJob.java:235)
	at org.eclipse.core.internal.jobs.Worker.run(Worker.java:55)
Caused by: java.io.FileNotFoundException: C:\Users\testuser\Desktop\workspace\workspace-hiraide\test\Person\bin\Robot.class (指定されたパスが見つかりません。)
	at java.io.FileInputStream.open0(Native Method)
	at java.io.FileInputStream.open(FileInputStream.java:195)
	at java.io.FileInputStream.<init>(FileInputStream.java:138)
	at org.eclipse.core.internal.filesystem.local.LocalFile.openInputStream(LocalFile.java:382)
	... 27 more
!SUBENTRY 1 org.eclipse.core.filesystem 4 271 2019-01-21 18:58:18.100
!MESSAGE ファイルが見つかりません: C:\Users\testuser\Desktop\workspace\workspace-hiraide\test\Person\bin\Robot.class.
!STACK 0
java.io.FileNotFoundException: C:\Users\testuser\Desktop\workspace\workspace-hiraide\test\Person\bin\Robot.class (指定されたパスが見つかりません。)
	at java.io.FileInputStream.open0(Native Method)
	at java.io.FileInputStream.open(FileInputStream.java:195)
	at java.io.FileInputStream.<init>(FileInputStream.java:138)
	at org.eclipse.core.internal.filesystem.local.LocalFile.openInputStream(LocalFile.java:382)
	at org.eclipse.core.internal.localstore.FileSystemResourceManager.read(FileSystemResourceManager.java:834)
	at org.eclipse.core.internal.resources.File.getContents(File.java:269)
	at org.eclipse.jdt.internal.core.util.Util.getResourceContentsAsByteArray(Util.java:1135)
	at org.eclipse.jdt.internal.core.builder.IncrementalImageBuilder.writeClassFileCheck(IncrementalImageBuilder.java:889)
	at org.eclipse.jdt.internal.core.builder.IncrementalImageBuilder.writeClassFileContents(IncrementalImageBuilder.java:831)
	at org.eclipse.jdt.internal.core.builder.AbstractImageBuilder.writeClassFile(AbstractImageBuilder.java:859)
	at org.eclipse.jdt.internal.core.builder.AbstractImageBuilder.acceptResult(AbstractImageBuilder.java:190)
	at org.eclipse.jdt.internal.compiler.Compiler.processCompiledUnits(Compiler.java:589)
	at org.eclipse.jdt.internal.compiler.Compiler.compile(Compiler.java:458)
	at org.eclipse.jdt.internal.core.builder.AbstractImageBuilder.compile(AbstractImageBuilder.java:367)
	at org.eclipse.jdt.internal.core.builder.IncrementalImageBuilder.compile(IncrementalImageBuilder.java:330)
	at org.eclipse.jdt.internal.core.builder.AbstractImageBuilder.compile(AbstractImageBuilder.java:304)
	at org.eclipse.jdt.internal.core.builder.IncrementalImageBuilder.build(IncrementalImageBuilder.java:135)
	at org.eclipse.jdt.internal.core.builder.JavaBuilder.buildDeltas(JavaBuilder.java:267)
	at org.eclipse.jdt.internal.core.builder.JavaBuilder.build(JavaBuilder.java:195)
	at org.eclipse.core.internal.events.BuildManager$2.run(BuildManager.java:734)
	at org.eclipse.core.runtime.SafeRunner.run(SafeRunner.java:42)
	at org.eclipse.core.internal.events.BuildManager.basicBuild(BuildManager.java:205)
	at org.eclipse.core.internal.events.BuildManager.basicBuild(BuildManager.java:245)
	at org.eclipse.core.internal.events.BuildManager$1.run(BuildManager.java:300)
	at org.eclipse.core.runtime.SafeRunner.run(SafeRunner.java:42)
	at org.eclipse.core.internal.events.BuildManager.basicBuild(BuildManager.java:303)
	at org.eclipse.core.internal.events.BuildManager.basicBuildLoop(BuildManager.java:359)
	at org.eclipse.core.internal.events.BuildManager.build(BuildManager.java:382)
	at org.eclipse.core.internal.events.AutoBuildJob.doBuild(AutoBuildJob.java:144)
	at org.eclipse.core.internal.events.AutoBuildJob.run(AutoBuildJob.java:235)
	at org.eclipse.core.internal.jobs.Worker.run(Worker.java:55)

!ENTRY org.eclipse.jdt.core 4 4 2019-01-21 18:58:18.105
!MESSAGE JavaBuilder handling CoreException
!STACK 1
org.eclipse.core.runtime.CoreException: ファイルが見つかりません: C:\Users\testuser\Desktop\workspace\workspace-hiraide\test\Person\bin\Test.class.
	at org.eclipse.core.internal.filesystem.Policy.error(Policy.java:49)
	at org.eclipse.core.internal.filesystem.local.LocalFile.openInputStream(LocalFile.java:391)
	at org.eclipse.core.internal.localstore.FileSystemResourceManager.read(FileSystemResourceManager.java:834)
	at org.eclipse.core.internal.resources.File.getContents(File.java:269)
	at org.eclipse.jdt.internal.core.util.Util.getResourceContentsAsByteArray(Util.java:1135)
	at org.eclipse.jdt.internal.core.builder.IncrementalImageBuilder.writeClassFileCheck(IncrementalImageBuilder.java:889)
	at org.eclipse.jdt.internal.core.builder.IncrementalImageBuilder.writeClassFileContents(IncrementalImageBuilder.java:831)
	at org.eclipse.jdt.internal.core.builder.AbstractImageBuilder.writeClassFile(AbstractImageBuilder.java:859)
	at org.eclipse.jdt.internal.core.builder.AbstractImageBuilder.acceptResult(AbstractImageBuilder.java:190)
	at org.eclipse.jdt.internal.compiler.Compiler.processCompiledUnits(Compiler.java:589)
	at org.eclipse.jdt.internal.compiler.Compiler.compile(Compiler.java:458)
	at org.eclipse.jdt.internal.core.builder.AbstractImageBuilder.compile(AbstractImageBuilder.java:367)
	at org.eclipse.jdt.internal.core.builder.IncrementalImageBuilder.compile(IncrementalImageBuilder.java:330)
	at org.eclipse.jdt.internal.core.builder.AbstractImageBuilder.compile(AbstractImageBuilder.java:304)
	at org.eclipse.jdt.internal.core.builder.IncrementalImageBuilder.build(IncrementalImageBuilder.java:135)
	at org.eclipse.jdt.internal.core.builder.JavaBuilder.buildDeltas(JavaBuilder.java:267)
	at org.eclipse.jdt.internal.core.builder.JavaBuilder.build(JavaBuilder.java:195)
	at org.eclipse.core.internal.events.BuildManager$2.run(BuildManager.java:734)
	at org.eclipse.core.runtime.SafeRunner.run(SafeRunner.java:42)
	at org.eclipse.core.internal.events.BuildManager.basicBuild(BuildManager.java:205)
	at org.eclipse.core.internal.events.BuildManager.basicBuild(BuildManager.java:245)
	at org.eclipse.core.internal.events.BuildManager$1.run(BuildManager.java:300)
	at org.eclipse.core.runtime.SafeRunner.run(SafeRunner.java:42)
	at org.eclipse.core.internal.events.BuildManager.basicBuild(BuildManager.java:303)
	at org.eclipse.core.internal.events.BuildManager.basicBuildLoop(BuildManager.java:359)
	at org.eclipse.core.internal.events.BuildManager.build(BuildManager.java:382)
	at org.eclipse.core.internal.events.AutoBuildJob.doBuild(AutoBuildJob.java:144)
	at org.eclipse.core.internal.events.AutoBuildJob.run(AutoBuildJob.java:235)
	at org.eclipse.core.internal.jobs.Worker.run(Worker.java:55)
Caused by: java.io.FileNotFoundException: C:\Users\testuser\Desktop\workspace\workspace-hiraide\test\Person\bin\Test.class (指定されたパスが見つかりません。)
	at java.io.FileInputStream.open0(Native Method)
	at java.io.FileInputStream.open(FileInputStream.java:195)
	at java.io.FileInputStream.<init>(FileInputStream.java:138)
	at org.eclipse.core.internal.filesystem.local.LocalFile.openInputStream(LocalFile.java:382)
	... 27 more
!SUBENTRY 1 org.eclipse.core.filesystem 4 271 2019-01-21 18:58:18.106
!MESSAGE ファイルが見つかりません: C:\Users\testuser\Desktop\workspace\workspace-hiraide\test\Person\bin\Test.class.
!STACK 0
java.io.FileNotFoundException: C:\Users\testuser\Desktop\workspace\workspace-hiraide\test\Person\bin\Test.class (指定されたパスが見つかりません。)
	at java.io.FileInputStream.open0(Native Method)
	at java.io.FileInputStream.open(FileInputStream.java:195)
	at java.io.FileInputStream.<init>(FileInputStream.java:138)
	at org.eclipse.core.internal.filesystem.local.LocalFile.openInputStream(LocalFile.java:382)
	at org.eclipse.core.internal.localstore.FileSystemResourceManager.read(FileSystemResourceManager.java:834)
	at org.eclipse.core.internal.resources.File.getContents(File.java:269)
	at org.eclipse.jdt.internal.core.util.Util.getResourceContentsAsByteArray(Util.java:1135)
	at org.eclipse.jdt.internal.core.builder.IncrementalImageBuilder.writeClassFileCheck(IncrementalImageBuilder.java:889)
	at org.eclipse.jdt.internal.core.builder.IncrementalImageBuilder.writeClassFileContents(IncrementalImageBuilder.java:831)
	at org.eclipse.jdt.internal.core.builder.AbstractImageBuilder.writeClassFile(AbstractImageBuilder.java:859)
	at org.eclipse.jdt.internal.core.builder.AbstractImageBuilder.acceptResult(AbstractImageBuilder.java:190)
	at org.eclipse.jdt.internal.compiler.Compiler.processCompiledUnits(Compiler.java:589)
	at org.eclipse.jdt.internal.compiler.Compiler.compile(Compiler.java:458)
	at org.eclipse.jdt.internal.core.builder.AbstractImageBuilder.compile(AbstractImageBuilder.java:367)
	at org.eclipse.jdt.internal.core.builder.IncrementalImageBuilder.compile(IncrementalImageBuilder.java:330)
	at org.eclipse.jdt.internal.core.builder.AbstractImageBuilder.compile(AbstractImageBuilder.java:304)
	at org.eclipse.jdt.internal.core.builder.IncrementalImageBuilder.build(IncrementalImageBuilder.java:135)
	at org.eclipse.jdt.internal.core.builder.JavaBuilder.buildDeltas(JavaBuilder.java:267)
	at org.eclipse.jdt.internal.core.builder.JavaBuilder.build(JavaBuilder.java:195)
	at org.eclipse.core.internal.events.BuildManager$2.run(BuildManager.java:734)
	at org.eclipse.core.runtime.SafeRunner.run(SafeRunner.java:42)
	at org.eclipse.core.internal.events.BuildManager.basicBuild(BuildManager.java:205)
	at org.eclipse.core.internal.events.BuildManager.basicBuild(BuildManager.java:245)
	at org.eclipse.core.internal.events.BuildManager$1.run(BuildManager.java:300)
	at org.eclipse.core.runtime.SafeRunner.run(SafeRunner.java:42)
	at org.eclipse.core.internal.events.BuildManager.basicBuild(BuildManager.java:303)
	at org.eclipse.core.internal.events.BuildManager.basicBuildLoop(BuildManager.java:359)
	at org.eclipse.core.internal.events.BuildManager.build(BuildManager.java:382)
	at org.eclipse.core.internal.events.AutoBuildJob.doBuild(AutoBuildJob.java:144)
	at org.eclipse.core.internal.events.AutoBuildJob.run(AutoBuildJob.java:235)
	at org.eclipse.core.internal.jobs.Worker.run(Worker.java:55)

!ENTRY org.eclipse.jdt.core 4 4 2019-01-21 18:58:18.653
!MESSAGE JavaBuilder handling CoreException
!STACK 1
org.eclipse.core.runtime.CoreException: ファイルが見つかりません: C:\Users\testuser\Desktop\workspace\workspace-hiraide\test\Person2\bin\Person.class.
	at org.eclipse.core.internal.filesystem.Policy.error(Policy.java:49)
	at org.eclipse.core.internal.filesystem.local.LocalFile.openInputStream(LocalFile.java:391)
	at org.eclipse.core.internal.localstore.FileSystemResourceManager.read(FileSystemResourceManager.java:834)
	at org.eclipse.core.internal.resources.File.getContents(File.java:269)
	at org.eclipse.jdt.internal.core.util.Util.getResourceContentsAsByteArray(Util.java:1135)
	at org.eclipse.jdt.internal.core.builder.IncrementalImageBuilder.writeClassFileCheck(IncrementalImageBuilder.java:889)
	at org.eclipse.jdt.internal.core.builder.IncrementalImageBuilder.writeClassFileContents(IncrementalImageBuilder.java:831)
	at org.eclipse.jdt.internal.core.builder.AbstractImageBuilder.writeClassFile(AbstractImageBuilder.java:859)
	at org.eclipse.jdt.internal.core.builder.AbstractImageBuilder.acceptResult(AbstractImageBuilder.java:190)
	at org.eclipse.jdt.internal.compiler.Compiler.processCompiledUnits(Compiler.java:589)
	at org.eclipse.jdt.internal.compiler.Compiler.compile(Compiler.java:458)
	at org.eclipse.jdt.internal.core.builder.AbstractImageBuilder.compile(AbstractImageBuilder.java:367)
	at org.eclipse.jdt.internal.core.builder.IncrementalImageBuilder.compile(IncrementalImageBuilder.java:330)
	at org.eclipse.jdt.internal.core.builder.AbstractImageBuilder.compile(AbstractImageBuilder.java:304)
	at org.eclipse.jdt.internal.core.builder.IncrementalImageBuilder.build(IncrementalImageBuilder.java:135)
	at org.eclipse.jdt.internal.core.builder.JavaBuilder.buildDeltas(JavaBuilder.java:267)
	at org.eclipse.jdt.internal.core.builder.JavaBuilder.build(JavaBuilder.java:195)
	at org.eclipse.core.internal.events.BuildManager$2.run(BuildManager.java:734)
	at org.eclipse.core.runtime.SafeRunner.run(SafeRunner.java:42)
	at org.eclipse.core.internal.events.BuildManager.basicBuild(BuildManager.java:205)
	at org.eclipse.core.internal.events.BuildManager.basicBuild(BuildManager.java:245)
	at org.eclipse.core.internal.events.BuildManager$1.run(BuildManager.java:300)
	at org.eclipse.core.runtime.SafeRunner.run(SafeRunner.java:42)
	at org.eclipse.core.internal.events.BuildManager.basicBuild(BuildManager.java:303)
	at org.eclipse.core.internal.events.BuildManager.basicBuildLoop(BuildManager.java:359)
	at org.eclipse.core.internal.events.BuildManager.build(BuildManager.java:382)
	at org.eclipse.core.internal.events.AutoBuildJob.doBuild(AutoBuildJob.java:144)
	at org.eclipse.core.internal.events.AutoBuildJob.run(AutoBuildJob.java:235)
	at org.eclipse.core.internal.jobs.Worker.run(Worker.java:55)
Caused by: java.io.FileNotFoundException: C:\Users\testuser\Desktop\workspace\workspace-hiraide\test\Person2\bin\Person.class (指定されたパスが見つかりません。)
	at java.io.FileInputStream.open0(Native Method)
	at java.io.FileInputStream.open(FileInputStream.java:195)
	at java.io.FileInputStream.<init>(FileInputStream.java:138)
	at org.eclipse.core.internal.filesystem.local.LocalFile.openInputStream(LocalFile.java:382)
	... 27 more
!SUBENTRY 1 org.eclipse.core.filesystem 4 271 2019-01-21 18:58:18.654
!MESSAGE ファイルが見つかりません: C:\Users\testuser\Desktop\workspace\workspace-hiraide\test\Person2\bin\Person.class.
!STACK 0
java.io.FileNotFoundException: C:\Users\testuser\Desktop\workspace\workspace-hiraide\test\Person2\bin\Person.class (指定されたパスが見つかりません。)
	at java.io.FileInputStream.open0(Native Method)
	at java.io.FileInputStream.open(FileInputStream.java:195)
	at java.io.FileInputStream.<init>(FileInputStream.java:138)
	at org.eclipse.core.internal.filesystem.local.LocalFile.openInputStream(LocalFile.java:382)
	at org.eclipse.core.internal.localstore.FileSystemResourceManager.read(FileSystemResourceManager.java:834)
	at org.eclipse.core.internal.resources.File.getContents(File.java:269)
	at org.eclipse.jdt.internal.core.util.Util.getResourceContentsAsByteArray(Util.java:1135)
	at org.eclipse.jdt.internal.core.builder.IncrementalImageBuilder.writeClassFileCheck(IncrementalImageBuilder.java:889)
	at org.eclipse.jdt.internal.core.builder.IncrementalImageBuilder.writeClassFileContents(IncrementalImageBuilder.java:831)
	at org.eclipse.jdt.internal.core.builder.AbstractImageBuilder.writeClassFile(AbstractImageBuilder.java:859)
	at org.eclipse.jdt.internal.core.builder.AbstractImageBuilder.acceptResult(AbstractImageBuilder.java:190)
	at org.eclipse.jdt.internal.compiler.Compiler.processCompiledUnits(Compiler.java:589)
	at org.eclipse.jdt.internal.compiler.Compiler.compile(Compiler.java:458)
	at org.eclipse.jdt.internal.core.builder.AbstractImageBuilder.compile(AbstractImageBuilder.java:367)
	at org.eclipse.jdt.internal.core.builder.IncrementalImageBuilder.compile(IncrementalImageBuilder.java:330)
	at org.eclipse.jdt.internal.core.builder.AbstractImageBuilder.compile(AbstractImageBuilder.java:304)
	at org.eclipse.jdt.internal.core.builder.IncrementalImageBuilder.build(IncrementalImageBuilder.java:135)
	at org.eclipse.jdt.internal.core.builder.JavaBuilder.buildDeltas(JavaBuilder.java:267)
	at org.eclipse.jdt.internal.core.builder.JavaBuilder.build(JavaBuilder.java:195)
	at org.eclipse.core.internal.events.BuildManager$2.run(BuildManager.java:734)
	at org.eclipse.core.runtime.SafeRunner.run(SafeRunner.java:42)
	at org.eclipse.core.internal.events.BuildManager.basicBuild(BuildManager.java:205)
	at org.eclipse.core.internal.events.BuildManager.basicBuild(BuildManager.java:245)
	at org.eclipse.core.internal.events.BuildManager$1.run(BuildManager.java:300)
	at org.eclipse.core.runtime.SafeRunner.run(SafeRunner.java:42)
	at org.eclipse.core.internal.events.BuildManager.basicBuild(BuildManager.java:303)
	at org.eclipse.core.internal.events.BuildManager.basicBuildLoop(BuildManager.java:359)
	at org.eclipse.core.internal.events.BuildManager.build(BuildManager.java:382)
	at org.eclipse.core.internal.events.AutoBuildJob.doBuild(AutoBuildJob.java:144)
	at org.eclipse.core.internal.events.AutoBuildJob.run(AutoBuildJob.java:235)
	at org.eclipse.core.internal.jobs.Worker.run(Worker.java:55)

!ENTRY org.eclipse.jdt.core 4 4 2019-01-21 18:58:18.674
!MESSAGE JavaBuilder handling CoreException
!STACK 1
org.eclipse.core.runtime.CoreException: ファイルが見つかりません: C:\Users\testuser\Desktop\workspace\workspace-hiraide\test\Person2\bin\Test.class.
	at org.eclipse.core.internal.filesystem.Policy.error(Policy.java:49)
	at org.eclipse.core.internal.filesystem.local.LocalFile.openInputStream(LocalFile.java:391)
	at org.eclipse.core.internal.localstore.FileSystemResourceManager.read(FileSystemResourceManager.java:834)
	at org.eclipse.core.internal.resources.File.getContents(File.java:269)
	at org.eclipse.jdt.internal.core.util.Util.getResourceContentsAsByteArray(Util.java:1135)
	at org.eclipse.jdt.internal.core.builder.IncrementalImageBuilder.writeClassFileCheck(IncrementalImageBuilder.java:889)
	at org.eclipse.jdt.internal.core.builder.IncrementalImageBuilder.writeClassFileContents(IncrementalImageBuilder.java:831)
	at org.eclipse.jdt.internal.core.builder.AbstractImageBuilder.writeClassFile(AbstractImageBuilder.java:859)
	at org.eclipse.jdt.internal.core.builder.AbstractImageBuilder.acceptResult(AbstractImageBuilder.java:190)
	at org.eclipse.jdt.internal.compiler.Compiler.processCompiledUnits(Compiler.java:589)
	at org.eclipse.jdt.internal.compiler.Compiler.compile(Compiler.java:458)
	at org.eclipse.jdt.internal.core.builder.AbstractImageBuilder.compile(AbstractImageBuilder.java:367)
	at org.eclipse.jdt.internal.core.builder.IncrementalImageBuilder.compile(IncrementalImageBuilder.java:330)
	at org.eclipse.jdt.internal.core.builder.AbstractImageBuilder.compile(AbstractImageBuilder.java:304)
	at org.eclipse.jdt.internal.core.builder.IncrementalImageBuilder.build(IncrementalImageBuilder.java:135)
	at org.eclipse.jdt.internal.core.builder.JavaBuilder.buildDeltas(JavaBuilder.java:267)
	at org.eclipse.jdt.internal.core.builder.JavaBuilder.build(JavaBuilder.java:195)
	at org.eclipse.core.internal.events.BuildManager$2.run(BuildManager.java:734)
	at org.eclipse.core.runtime.SafeRunner.run(SafeRunner.java:42)
	at org.eclipse.core.internal.events.BuildManager.basicBuild(BuildManager.java:205)
	at org.eclipse.core.internal.events.BuildManager.basicBuild(BuildManager.java:245)
	at org.eclipse.core.internal.events.BuildManager$1.run(BuildManager.java:300)
	at org.eclipse.core.runtime.SafeRunner.run(SafeRunner.java:42)
	at org.eclipse.core.internal.events.BuildManager.basicBuild(BuildManager.java:303)
	at org.eclipse.core.internal.events.BuildManager.basicBuildLoop(BuildManager.java:359)
	at org.eclipse.core.internal.events.BuildManager.build(BuildManager.java:382)
	at org.eclipse.core.internal.events.AutoBuildJob.doBuild(AutoBuildJob.java:144)
	at org.eclipse.core.internal.events.AutoBuildJob.run(AutoBuildJob.java:235)
	at org.eclipse.core.internal.jobs.Worker.run(Worker.java:55)
Caused by: java.io.FileNotFoundException: C:\Users\testuser\Desktop\workspace\workspace-hiraide\test\Person2\bin\Test.class (指定されたパスが見つかりません。)
	at java.io.FileInputStream.open0(Native Method)
	at java.io.FileInputStream.open(FileInputStream.java:195)
	at java.io.FileInputStream.<init>(FileInputStream.java:138)
	at org.eclipse.core.internal.filesystem.local.LocalFile.openInputStream(LocalFile.java:382)
	... 27 more
!SUBENTRY 1 org.eclipse.core.filesystem 4 271 2019-01-21 18:58:18.674
!MESSAGE ファイルが見つかりません: C:\Users\testuser\Desktop\workspace\workspace-hiraide\test\Person2\bin\Test.class.
!STACK 0
java.io.FileNotFoundException: C:\Users\testuser\Desktop\workspace\workspace-hiraide\test\Person2\bin\Test.class (指定されたパスが見つかりません。)
	at java.io.FileInputStream.open0(Native Method)
	at java.io.FileInputStream.open(FileInputStream.java:195)
	at java.io.FileInputStream.<init>(FileInputStream.java:138)
	at org.eclipse.core.internal.filesystem.local.LocalFile.openInputStream(LocalFile.java:382)
	at org.eclipse.core.internal.localstore.FileSystemResourceManager.read(FileSystemResourceManager.java:834)
	at org.eclipse.core.internal.resources.File.getContents(File.java:269)
	at org.eclipse.jdt.internal.core.util.Util.getResourceContentsAsByteArray(Util.java:1135)
	at org.eclipse.jdt.internal.core.builder.IncrementalImageBuilder.writeClassFileCheck(IncrementalImageBuilder.java:889)
	at org.eclipse.jdt.internal.core.builder.IncrementalImageBuilder.writeClassFileContents(IncrementalImageBuilder.java:831)
	at org.eclipse.jdt.internal.core.builder.AbstractImageBuilder.writeClassFile(AbstractImageBuilder.java:859)
	at org.eclipse.jdt.internal.core.builder.AbstractImageBuilder.acceptResult(AbstractImageBuilder.java:190)
	at org.eclipse.jdt.internal.compiler.Compiler.processCompiledUnits(Compiler.java:589)
	at org.eclipse.jdt.internal.compiler.Compiler.compile(Compiler.java:458)
	at org.eclipse.jdt.internal.core.builder.AbstractImageBuilder.compile(AbstractImageBuilder.java:367)
	at org.eclipse.jdt.internal.core.builder.IncrementalImageBuilder.compile(IncrementalImageBuilder.java:330)
	at org.eclipse.jdt.internal.core.builder.AbstractImageBuilder.compile(AbstractImageBuilder.java:304)
	at org.eclipse.jdt.internal.core.builder.IncrementalImageBuilder.build(IncrementalImageBuilder.java:135)
	at org.eclipse.jdt.internal.core.builder.JavaBuilder.buildDeltas(JavaBuilder.java:267)
	at org.eclipse.jdt.internal.core.builder.JavaBuilder.build(JavaBuilder.java:195)
	at org.eclipse.core.internal.events.BuildManager$2.run(BuildManager.java:734)
	at org.eclipse.core.runtime.SafeRunner.run(SafeRunner.java:42)
	at org.eclipse.core.internal.events.BuildManager.basicBuild(BuildManager.java:205)
	at org.eclipse.core.internal.events.BuildManager.basicBuild(BuildManager.java:245)
	at org.eclipse.core.internal.events.BuildManager$1.run(BuildManager.java:300)
	at org.eclipse.core.runtime.SafeRunner.run(SafeRunner.java:42)
	at org.eclipse.core.internal.events.BuildManager.basicBuild(BuildManager.java:303)
	at org.eclipse.core.internal.events.BuildManager.basicBuildLoop(BuildManager.java:359)
	at org.eclipse.core.internal.events.BuildManager.build(BuildManager.java:382)
	at org.eclipse.core.internal.events.AutoBuildJob.doBuild(AutoBuildJob.java:144)
	at org.eclipse.core.internal.events.AutoBuildJob.run(AutoBuildJob.java:235)
	at org.eclipse.core.internal.jobs.Worker.run(Worker.java:55)

!ENTRY org.eclipse.core.resources 4 568 2019-01-21 19:02:53.985
!MESSAGE '/RemoteSystemsTempFiles' のメタデータを書き込みできませんでした。
!STACK 0
java.io.FileNotFoundException: C:\Users\testuser\Desktop\workspace\workspace-hiraide\test\.metadata\.plugins\org.eclipse.core.resources\.projects\RemoteSystemsTempFiles\.markers.snap (指定されたパスが見つかりません。)
	at java.io.FileOutputStream.open0(Native Method)
	at java.io.FileOutputStream.open(FileOutputStream.java:270)
	at java.io.FileOutputStream.<init>(FileOutputStream.java:213)
	at java.io.FileOutputStream.<init>(FileOutputStream.java:133)
	at org.eclipse.core.internal.localstore.SafeChunkyOutputStream.<init>(SafeChunkyOutputStream.java:45)
	at org.eclipse.core.internal.localstore.SafeChunkyOutputStream.<init>(SafeChunkyOutputStream.java:41)
	at org.eclipse.core.internal.resources.SaveManager.visitAndSnap(SaveManager.java:1769)
	at org.eclipse.core.internal.resources.SaveManager.visitAndSnap(SaveManager.java:1853)
	at org.eclipse.core.internal.resources.SaveManager.save(SaveManager.java:1222)
	at org.eclipse.core.internal.resources.SaveManager.save(SaveManager.java:1163)
	at org.eclipse.core.internal.resources.DelayedSnapshotJob.run(DelayedSnapshotJob.java:52)
	at org.eclipse.core.internal.jobs.Worker.run(Worker.java:55)

!ENTRY org.eclipse.core.resources 4 568 2019-01-21 19:45:55.487
!MESSAGE '/RemoteSystemsTempFiles' のメタデータを書き込みできませんでした。
!STACK 0
java.io.FileNotFoundException: C:\Users\testuser\Desktop\workspace\workspace-hiraide\test\.metadata\.plugins\org.eclipse.core.resources\.projects\RemoteSystemsTempFiles\.markers.snap (指定されたパスが見つかりません。)
	at java.io.FileOutputStream.open0(Native Method)
	at java.io.FileOutputStream.open(FileOutputStream.java:270)
	at java.io.FileOutputStream.<init>(FileOutputStream.java:213)
	at java.io.FileOutputStream.<init>(FileOutputStream.java:133)
	at org.eclipse.core.internal.localstore.SafeChunkyOutputStream.<init>(SafeChunkyOutputStream.java:45)
	at org.eclipse.core.internal.localstore.SafeChunkyOutputStream.<init>(SafeChunkyOutputStream.java:41)
	at org.eclipse.core.internal.resources.SaveManager.visitAndSnap(SaveManager.java:1769)
	at org.eclipse.core.internal.resources.SaveManager.visitAndSnap(SaveManager.java:1853)
	at org.eclipse.core.internal.resources.SaveManager.save(SaveManager.java:1222)
	at org.eclipse.core.internal.resources.SaveManager.save(SaveManager.java:1163)
	at org.eclipse.core.internal.resources.DelayedSnapshotJob.run(DelayedSnapshotJob.java:52)
	at org.eclipse.core.internal.jobs.Worker.run(Worker.java:55)

!ENTRY org.eclipse.core.resources 4 568 2019-01-21 20:16:07.189
!MESSAGE '/RemoteSystemsTempFiles' のメタデータを書き込みできませんでした。
!STACK 0
java.io.FileNotFoundException: C:\Users\testuser\Desktop\workspace\workspace-hiraide\test\.metadata\.plugins\org.eclipse.core.resources\.projects\RemoteSystemsTempFiles\.markers.snap (指定されたパスが見つかりません。)
	at java.io.FileOutputStream.open0(Native Method)
	at java.io.FileOutputStream.open(FileOutputStream.java:270)
	at java.io.FileOutputStream.<init>(FileOutputStream.java:213)
	at java.io.FileOutputStream.<init>(FileOutputStream.java:133)
	at org.eclipse.core.internal.localstore.SafeChunkyOutputStream.<init>(SafeChunkyOutputStream.java:45)
	at org.eclipse.core.internal.localstore.SafeChunkyOutputStream.<init>(SafeChunkyOutputStream.java:41)
	at org.eclipse.core.internal.resources.SaveManager.visitAndSnap(SaveManager.java:1769)
	at org.eclipse.core.internal.resources.SaveManager.visitAndSnap(SaveManager.java:1853)
	at org.eclipse.core.internal.resources.SaveManager.save(SaveManager.java:1222)
	at org.eclipse.core.internal.resources.SaveManager.save(SaveManager.java:1163)
	at org.eclipse.core.internal.resources.DelayedSnapshotJob.run(DelayedSnapshotJob.java:52)
	at org.eclipse.core.internal.jobs.Worker.run(Worker.java:55)

!ENTRY org.eclipse.core.resources 4 568 2019-01-21 20:26:18.765
!MESSAGE '/RemoteSystemsTempFiles' のメタデータを書き込みできませんでした。
!STACK 0
java.io.FileNotFoundException: C:\Users\testuser\Desktop\workspace\workspace-hiraide\test\.metadata\.plugins\org.eclipse.core.resources\.projects\RemoteSystemsTempFiles\.markers.snap (指定されたパスが見つかりません。)
	at java.io.FileOutputStream.open0(Native Method)
	at java.io.FileOutputStream.open(FileOutputStream.java:270)
	at java.io.FileOutputStream.<init>(FileOutputStream.java:213)
	at java.io.FileOutputStream.<init>(FileOutputStream.java:133)
	at org.eclipse.core.internal.localstore.SafeChunkyOutputStream.<init>(SafeChunkyOutputStream.java:45)
	at org.eclipse.core.internal.localstore.SafeChunkyOutputStream.<init>(SafeChunkyOutputStream.java:41)
	at org.eclipse.core.internal.resources.SaveManager.visitAndSnap(SaveManager.java:1769)
	at org.eclipse.core.internal.resources.SaveManager.visitAndSnap(SaveManager.java:1853)
	at org.eclipse.core.internal.resources.SaveManager.save(SaveManager.java:1222)
	at org.eclipse.core.internal.resources.SaveManager.save(SaveManager.java:1163)
	at org.eclipse.core.internal.resources.DelayedSnapshotJob.run(DelayedSnapshotJob.java:52)
	at org.eclipse.core.internal.jobs.Worker.run(Worker.java:55)

!ENTRY org.eclipse.ui.ide 4 4 2019-01-21 21:55:19.332
!MESSAGE ワークスペースの保管の問題

!ENTRY org.eclipse.ui.ide 4 1 2019-01-21 21:55:19.332
!MESSAGE ワークベンチの状態を保管中に問題が発生しました。
!SUBENTRY 1 org.eclipse.core.resources 4 568 2019-01-21 21:55:19.332
!MESSAGE '/RemoteSystemsTempFiles' のメタデータを書き込みできませんでした。
!STACK 0
java.io.FileNotFoundException: C:\Users\testuser\Desktop\workspace\workspace-hiraide\test\.metadata\.plugins\org.eclipse.core.resources\.projects\RemoteSystemsTempFiles\.markers (指定されたパスが見つかりません。)
	at java.io.FileOutputStream.open0(Native Method)
	at java.io.FileOutputStream.open(FileOutputStream.java:270)
	at java.io.FileOutputStream.<init>(FileOutputStream.java:213)
	at java.io.FileOutputStream.<init>(FileOutputStream.java:162)
	at org.eclipse.core.internal.localstore.SafeFileOutputStream.<init>(SafeFileOutputStream.java:51)
	at org.eclipse.core.internal.resources.SaveManager.visitAndSave(SaveManager.java:1658)
	at org.eclipse.core.internal.resources.SaveManager.visitAndSave(SaveManager.java:1740)
	at org.eclipse.core.internal.resources.SaveManager.save(SaveManager.java:1197)
	at org.eclipse.core.internal.resources.Workspace.save(Workspace.java:2270)
	at org.eclipse.ui.internal.ide.application.IDEWorkbenchAdvisor$4.run(IDEWorkbenchAdvisor.java:453)
	at org.eclipse.jface.operation.ModalContext$ModalContextThread.run(ModalContext.java:119)
